  [1m[35m (114.3ms)[0m  [1m[35mCREATE TABLE "schema_migrations" ("version" character varying NOT NULL PRIMARY KEY)[0m
  [1m[35m (109.2ms)[0m  [1m[35mCREATE TABLE "ar_internal_metadata" ("key" character varying NOT NULL PRIMARY KEY, "value" character varying, "created_at" timestamp NOT NULL, "updated_at" timestamp NOT NULL)[0m
  [1m[35m (0.3ms)[0m  [1m[34mSELECT pg_try_advisory_lock(7456031615594172450);[0m
  [1m[35m (0.4ms)[0m  [1m[34mSELECT "schema_migrations"."version" FROM "schema_migrations" ORDER BY "schema_migrations"."version" ASC[0m
Migrating to CreateProducts (20170619083227)
  [1m[35m (0.2ms)[0m  [1m[35mBEGIN[0m
  [1m[35m (69.1ms)[0m  [1m[35mCREATE TABLE "products" ("id" bigserial primary key, "description" text, "category" text, "created_at" timestamp NOT NULL, "updated_at" timestamp NOT NULL)[0m
  [1m[35mSQL (0.4ms)[0m  [1m[32mINSERT INTO "schema_migrations" ("version") VALUES ($1) RETURNING "version"[0m  [["version", "20170619083227"]]
  [1m[35m (13.5ms)[0m  [1m[35mCOMMIT[0m
Migrating to CreateOrders (20170619083235)
  [1m[35m (0.2ms)[0m  [1m[35mBEGIN[0m
  [1m[35m (72.0ms)[0m  [1m[35mCREATE TABLE "orders" ("id" bigserial primary key, "orderstatus" text, "paymentstatus" text, "created_at" timestamp NOT NULL, "updated_at" timestamp NOT NULL)[0m
  [1m[35mSQL (0.3ms)[0m  [1m[32mINSERT INTO "schema_migrations" ("version") VALUES ($1) RETURNING "version"[0m  [["version", "20170619083235"]]
  [1m[35m (14.7ms)[0m  [1m[35mCOMMIT[0m
Migrating to CreateInventories (20170619083839)
  [1m[35m (0.1ms)[0m  [1m[35mBEGIN[0m
  [1m[35m (40.6ms)[0m  [1m[35mCREATE TABLE "inventories" ("id" bigserial primary key, "qty" integer, "created_at" timestamp NOT NULL, "updated_at" timestamp NOT NULL)[0m
  [1m[35mSQL (0.3ms)[0m  [1m[32mINSERT INTO "schema_migrations" ("version") VALUES ($1) RETURNING "version"[0m  [["version", "20170619083839"]]
  [1m[35m (13.0ms)[0m  [1m[35mCOMMIT[0m
Migrating to CreateProductOrders (20170619083938)
  [1m[35m (0.1ms)[0m  [1m[35mBEGIN[0m
  [1m[35m (40.6ms)[0m  [1m[35mCREATE TABLE "product_orders" ("id" bigserial primary key, "created_at" timestamp NOT NULL, "updated_at" timestamp NOT NULL)[0m
  [1m[35mSQL (0.3ms)[0m  [1m[32mINSERT INTO "schema_migrations" ("version") VALUES ($1) RETURNING "version"[0m  [["version", "20170619083938"]]
  [1m[35m (12.4ms)[0m  [1m[35mCOMMIT[0m
Migrating to CreateProductImages (20170619084029)
  [1m[35m (0.1ms)[0m  [1m[35mBEGIN[0m
  [1m[35m (41.5ms)[0m  [1m[35mCREATE TABLE "product_images" ("id" bigserial primary key, "created_at" timestamp NOT NULL, "updated_at" timestamp NOT NULL)[0m
  [1m[35mSQL (0.3ms)[0m  [1m[32mINSERT INTO "schema_migrations" ("version") VALUES ($1) RETURNING "version"[0m  [["version", "20170619084029"]]
  [1m[35m (11.8ms)[0m  [1m[35mCOMMIT[0m
Migrating to CreateShoppingCarts (20170619084045)
  [1m[35m (0.1ms)[0m  [1m[35mBEGIN[0m
  [1m[35m (42.1ms)[0m  [1m[35mCREATE TABLE "shopping_carts" ("id" bigserial primary key, "created_at" timestamp NOT NULL, "updated_at" timestamp NOT NULL)[0m
  [1m[35mSQL (0.3ms)[0m  [1m[32mINSERT INTO "schema_migrations" ("version") VALUES ($1) RETURNING "version"[0m  [["version", "20170619084045"]]
  [1m[35m (22.8ms)[0m  [1m[35mCOMMIT[0m
  [1m[36mActiveRecord::InternalMetadata Load (0.2ms)[0m  [1m[34mSELECT  "ar_internal_metadata".* FROM "ar_internal_metadata" WHERE "ar_internal_metadata"."key" = $1 LIMIT $2[0m  [["key", "environment"], ["LIMIT", 1]]
  [1m[35m (0.1ms)[0m  [1m[35mBEGIN[0m
  [1m[35mSQL (0.3ms)[0m  [1m[32mINSERT INTO "ar_internal_metadata" ("key", "value", "created_at", "updated_at") VALUES ($1, $2, $3, $4) RETURNING "key"[0m  [["key", "environment"], ["value", "development"], ["created_at", "2017-06-19 08:44:50.864833"], ["updated_at", "2017-06-19 08:44:50.864833"]]
  [1m[35m (14.1ms)[0m  [1m[35mCOMMIT[0m
  [1m[35m (0.2ms)[0m  [1m[34mSELECT pg_advisory_unlock(7456031615594172450)[0m
  [1m[35m (0.2ms)[0m  [1m[34mSELECT "schema_migrations"."version" FROM "schema_migrations" ORDER BY "schema_migrations"."version" ASC[0m
Started GET "/" for 127.0.0.1 at 2017-06-20 13:44:01 +0800
  
ActiveRecord::PendingMigrationError (

Migrations are pending. To resolve this issue, run:

        bin/rails db:migrate RAILS_ENV=development

):
  
activerecord (5.1.1) lib/active_record/migration.rb:576:in `check_pending!'
activerecord (5.1.1) lib/active_record/migration.rb:553:in `call'
actionpack (5.1.1) lib/action_dispatch/middleware/callbacks.rb:26:in `block in call'
activesupport (5.1.1) lib/active_support/callbacks.rb:97:in `run_callbacks'
actionpack (5.1.1) lib/action_dispatch/middleware/callbacks.rb:24:in `call'
actionpack (5.1.1) lib/action_dispatch/middleware/executor.rb:12:in `call'
actionpack (5.1.1) lib/action_dispatch/middleware/debug_exceptions.rb:59:in `call'
web-console (3.5.1) lib/web_console/middleware.rb:135:in `call_app'
web-console (3.5.1) lib/web_console/middleware.rb:28:in `block in call'
web-console (3.5.1) lib/web_console/middleware.rb:18:in `catch'
web-console (3.5.1) lib/web_console/middleware.rb:18:in `call'
actionpack (5.1.1) lib/action_dispatch/middleware/show_exceptions.rb:31:in `call'
railties (5.1.1) lib/rails/rack/logger.rb:36:in `call_app'
railties (5.1.1) lib/rails/rack/logger.rb:24:in `block in call'
activesupport (5.1.1) lib/active_support/tagged_logging.rb:69:in `block in tagged'
activesupport (5.1.1) lib/active_support/tagged_logging.rb:26:in `tagged'
activesupport (5.1.1) lib/active_support/tagged_logging.rb:69:in `tagged'
railties (5.1.1) lib/rails/rack/logger.rb:24:in `call'
sprockets-rails (3.2.0) lib/sprockets/rails/quiet_assets.rb:13:in `call'
actionpack (5.1.1) lib/action_dispatch/middleware/remote_ip.rb:79:in `call'
actionpack (5.1.1) lib/action_dispatch/middleware/request_id.rb:25:in `call'
rack (2.0.3) lib/rack/method_override.rb:22:in `call'
rack (2.0.3) lib/rack/runtime.rb:22:in `call'
activesupport (5.1.1) lib/active_support/cache/strategy/local_cache_middleware.rb:27:in `call'
actionpack (5.1.1) lib/action_dispatch/middleware/executor.rb:12:in `call'
actionpack (5.1.1) lib/action_dispatch/middleware/static.rb:125:in `call'
rack (2.0.3) lib/rack/sendfile.rb:111:in `call'
railties (5.1.1) lib/rails/engine.rb:522:in `call'
puma (3.9.1) lib/puma/configuration.rb:224:in `call'
puma (3.9.1) lib/puma/server.rb:602:in `handle_request'
puma (3.9.1) lib/puma/server.rb:435:in `process_client'
puma (3.9.1) lib/puma/server.rb:299:in `block in run'
puma (3.9.1) lib/puma/thread_pool.rb:120:in `block in spawn_thread'
  [1m[35m (18.5ms)[0m  [1m[35mCREATE TABLE "schema_migrations" ("version" character varying NOT NULL PRIMARY KEY)[0m
  [1m[35m (17.7ms)[0m  [1m[35mCREATE TABLE "ar_internal_metadata" ("key" character varying NOT NULL PRIMARY KEY, "value" character varying, "created_at" timestamp NOT NULL, "updated_at" timestamp NOT NULL)[0m
  [1m[35m (0.5ms)[0m  [1m[34mSELECT pg_try_advisory_lock(7456031615594172450);[0m
  [1m[35m (2.5ms)[0m  [1m[34mSELECT "schema_migrations"."version" FROM "schema_migrations" ORDER BY "schema_migrations"."version" ASC[0m
Migrating to CreateProducts (20170619083227)
  [1m[35m (0.0ms)[0m  [1m[35mBEGIN[0m
  [1m[35m (29.5ms)[0m  [1m[35mCREATE TABLE "products" ("id" bigserial primary key, "description" text, "category" text, "created_at" timestamp NOT NULL, "updated_at" timestamp NOT NULL)[0m
  [1m[35mSQL (3.0ms)[0m  [1m[32mINSERT INTO "schema_migrations" ("version") VALUES ($1) RETURNING "version"[0m  [["version", "20170619083227"]]
  [1m[35m (3.5ms)[0m  [1m[35mCOMMIT[0m
Migrating to CreateOrders (20170619083235)
  [1m[35m (9.0ms)[0m  [1m[35mBEGIN[0m
  [1m[35m (25.6ms)[0m  [1m[35mCREATE TABLE "orders" ("id" bigserial primary key, "orderstatus" text, "paymentstatus" text, "created_at" timestamp NOT NULL, "updated_at" timestamp NOT NULL)[0m
  [1m[35mSQL (0.5ms)[0m  [1m[32mINSERT INTO "schema_migrations" ("version") VALUES ($1) RETURNING "version"[0m  [["version", "20170619083235"]]
  [1m[35m (5.7ms)[0m  [1m[35mCOMMIT[0m
Migrating to CreateInventories (20170619083839)
  [1m[35m (2.0ms)[0m  [1m[35mBEGIN[0m
  [1m[35m (24.1ms)[0m  [1m[35mCREATE TABLE "inventories" ("id" bigserial primary key, "qty" integer, "created_at" timestamp NOT NULL, "updated_at" timestamp NOT NULL)[0m
  [1m[35mSQL (0.5ms)[0m  [1m[32mINSERT INTO "schema_migrations" ("version") VALUES ($1) RETURNING "version"[0m  [["version", "20170619083839"]]
  [1m[35m (5.0ms)[0m  [1m[35mCOMMIT[0m
Migrating to CreateProductOrders (20170619083938)
  [1m[35m (2.0ms)[0m  [1m[35mBEGIN[0m
  [1m[35m (18.5ms)[0m  [1m[35mCREATE TABLE "product_orders" ("id" bigserial primary key, "created_at" timestamp NOT NULL, "updated_at" timestamp NOT NULL)[0m
  [1m[35mSQL (0.5ms)[0m  [1m[32mINSERT INTO "schema_migrations" ("version") VALUES ($1) RETURNING "version"[0m  [["version", "20170619083938"]]
  [1m[35m (3.0ms)[0m  [1m[35mCOMMIT[0m
Migrating to CreateProductImages (20170619084029)
  [1m[35m (2.0ms)[0m  [1m[35mBEGIN[0m
  [1m[35m (16.0ms)[0m  [1m[35mCREATE TABLE "product_images" ("id" bigserial primary key, "created_at" timestamp NOT NULL, "updated_at" timestamp NOT NULL)[0m
  [1m[35mSQL (1.0ms)[0m  [1m[32mINSERT INTO "schema_migrations" ("version") VALUES ($1) RETURNING "version"[0m  [["version", "20170619084029"]]
  [1m[35m (5.9ms)[0m  [1m[35mCOMMIT[0m
Migrating to CreateShoppingCarts (20170619084045)
  [1m[35m (2.0ms)[0m  [1m[35mBEGIN[0m
  [1m[35m (15.5ms)[0m  [1m[35mCREATE TABLE "shopping_carts" ("id" bigserial primary key, "created_at" timestamp NOT NULL, "updated_at" timestamp NOT NULL)[0m
  [1m[35mSQL (0.5ms)[0m  [1m[32mINSERT INTO "schema_migrations" ("version") VALUES ($1) RETURNING "version"[0m  [["version", "20170619084045"]]
  [1m[35m (3.1ms)[0m  [1m[35mCOMMIT[0m
Migrating to DeviseCreateUsers (20170620054125)
  [1m[35m (2.0ms)[0m  [1m[35mBEGIN[0m
  [1m[35m (27.8ms)[0m  [1m[35mCREATE TABLE "users" ("id" bigserial primary key, "email" character varying DEFAULT '' NOT NULL, "encrypted_password" character varying DEFAULT '' NOT NULL, "reset_password_token" character varying, "reset_password_sent_at" timestamp, "remember_created_at" timestamp, "sign_in_count" integer DEFAULT 0 NOT NULL, "current_sign_in_at" timestamp, "last_sign_in_at" timestamp, "current_sign_in_ip" inet, "last_sign_in_ip" inet, "created_at" timestamp NOT NULL, "updated_at" timestamp NOT NULL)[0m
  [1m[35m (11.0ms)[0m  [1m[35mCREATE UNIQUE INDEX  "index_users_on_email" ON "users"  ("email")[0m
  [1m[35m (9.5ms)[0m  [1m[35mCREATE UNIQUE INDEX  "index_users_on_reset_password_token" ON "users"  ("reset_password_token")[0m
  [1m[35mSQL (0.5ms)[0m  [1m[32mINSERT INTO "schema_migrations" ("version") VALUES ($1) RETURNING "version"[0m  [["version", "20170620054125"]]
  [1m[35m (3.0ms)[0m  [1m[35mCOMMIT[0m
  [1m[36mActiveRecord::InternalMetadata Load (2.0ms)[0m  [1m[34mSELECT  "ar_internal_metadata".* FROM "ar_internal_metadata" WHERE "ar_internal_metadata"."key" = $1 LIMIT $2[0m  [["key", "environment"], ["LIMIT", 1]]
  [1m[35m (0.5ms)[0m  [1m[35mBEGIN[0m
  [1m[35mSQL (3.0ms)[0m  [1m[32mINSERT INTO "ar_internal_metadata" ("key", "value", "created_at", "updated_at") VALUES ($1, $2, $3, $4) RETURNING "key"[0m  [["key", "environment"], ["value", "development"], ["created_at", "2017-06-20 05:44:33.013233"], ["updated_at", "2017-06-20 05:44:33.013233"]]
  [1m[35m (2.6ms)[0m  [1m[35mCOMMIT[0m
  [1m[35m (0.5ms)[0m  [1m[34mSELECT pg_advisory_unlock(7456031615594172450)[0m
  [1m[35m (0.5ms)[0m  [1m[34mSELECT "schema_migrations"."version" FROM "schema_migrations" ORDER BY "schema_migrations"."version" ASC[0m
Started GET "/" for 127.0.0.1 at 2017-06-20 13:44:35 +0800
  [1m[35m (1.0ms)[0m  [1m[34mSELECT "schema_migrations"."version" FROM "schema_migrations" ORDER BY "schema_migrations"."version" ASC[0m
Processing by Rails::WelcomeController#index as HTML
  Rendering C:/RailsInstaller/Ruby2.3.0/lib/ruby/gems/2.3.0/gems/railties-5.1.1/lib/rails/templates/rails/welcome/index.html.erb
  Rendered C:/RailsInstaller/Ruby2.3.0/lib/ruby/gems/2.3.0/gems/railties-5.1.1/lib/rails/templates/rails/welcome/index.html.erb (3.0ms)
Completed 200 OK in 115ms (Views: 57.7ms | ActiveRecord: 0.0ms)


Started GET "/users/sign_up" for 127.0.0.1 at 2017-06-20 13:44:40 +0800
Processing by Devise::RegistrationsController#new as HTML
  Rendering devise/registrations/new.html.erb within layouts/application
  Rendered devise/shared/_links.html.erb (1.1ms) [cache miss]
  Rendered devise/registrations/new.html.erb within layouts/application (59.3ms)
Completed 200 OK in 1853ms (Views: 1833.0ms | ActiveRecord: 3.5ms)


Started GET "/users/login" for 127.0.0.1 at 2017-06-20 13:45:05 +0800
  
ActionController::RoutingError (No route matches [GET] "/users/login"):
  
actionpack (5.1.1) lib/action_dispatch/middleware/debug_exceptions.rb:63:in `call'
web-console (3.5.1) lib/web_console/middleware.rb:135:in `call_app'
web-console (3.5.1) lib/web_console/middleware.rb:28:in `block in call'
web-console (3.5.1) lib/web_console/middleware.rb:18:in `catch'
web-console (3.5.1) lib/web_console/middleware.rb:18:in `call'
actionpack (5.1.1) lib/action_dispatch/middleware/show_exceptions.rb:31:in `call'
railties (5.1.1) lib/rails/rack/logger.rb:36:in `call_app'
railties (5.1.1) lib/rails/rack/logger.rb:24:in `block in call'
activesupport (5.1.1) lib/active_support/tagged_logging.rb:69:in `block in tagged'
activesupport (5.1.1) lib/active_support/tagged_logging.rb:26:in `tagged'
activesupport (5.1.1) lib/active_support/tagged_logging.rb:69:in `tagged'
railties (5.1.1) lib/rails/rack/logger.rb:24:in `call'
sprockets-rails (3.2.0) lib/sprockets/rails/quiet_assets.rb:13:in `call'
actionpack (5.1.1) lib/action_dispatch/middleware/remote_ip.rb:79:in `call'
actionpack (5.1.1) lib/action_dispatch/middleware/request_id.rb:25:in `call'
rack (2.0.3) lib/rack/method_override.rb:22:in `call'
rack (2.0.3) lib/rack/runtime.rb:22:in `call'
activesupport (5.1.1) lib/active_support/cache/strategy/local_cache_middleware.rb:27:in `call'
actionpack (5.1.1) lib/action_dispatch/middleware/executor.rb:12:in `call'
actionpack (5.1.1) lib/action_dispatch/middleware/static.rb:125:in `call'
rack (2.0.3) lib/rack/sendfile.rb:111:in `call'
railties (5.1.1) lib/rails/engine.rb:522:in `call'
puma (3.9.1) lib/puma/configuration.rb:224:in `call'
puma (3.9.1) lib/puma/server.rb:602:in `handle_request'
puma (3.9.1) lib/puma/server.rb:435:in `process_client'
puma (3.9.1) lib/puma/server.rb:299:in `block in run'
puma (3.9.1) lib/puma/thread_pool.rb:120:in `block in spawn_thread'
Started GET "/users/sign_in" for 127.0.0.1 at 2017-06-20 13:45:41 +0800
Processing by Devise::SessionsController#new as HTML
  Rendering devise/sessions/new.html.erb within layouts/application
  Rendered devise/shared/_links.html.erb (1.1ms) [cache miss]
  Rendered devise/sessions/new.html.erb within layouts/application (38.1ms)
Completed 200 OK in 270ms (Views: 262.9ms | ActiveRecord: 0.0ms)


  [1m[35m (0.0ms)[0m  [1m[34mSELECT pg_try_advisory_lock(7456031615594172450);[0m
  [1m[35m (1.1ms)[0m  [1m[34mSELECT "schema_migrations"."version" FROM "schema_migrations" ORDER BY "schema_migrations"."version" ASC[0m
Migrating to AddOmniauthToUsers (20170620054959)
  [1m[35m (0.0ms)[0m  [1m[35mBEGIN[0m
  [1m[35m (1.0ms)[0m  [1m[35mALTER TABLE "users" ADD "provider" character varying[0m
  [1m[35m (0.5ms)[0m  [1m[35mALTER TABLE "users" ADD "uid" character varying[0m
  [1m[35mSQL (0.5ms)[0m  [1m[32mINSERT INTO "schema_migrations" ("version") VALUES ($1) RETURNING "version"[0m  [["version", "20170620054959"]]
  [1m[35m (8.2ms)[0m  [1m[35mCOMMIT[0m
  [1m[36mActiveRecord::InternalMetadata Load (0.5ms)[0m  [1m[34mSELECT  "ar_internal_metadata".* FROM "ar_internal_metadata" WHERE "ar_internal_metadata"."key" = $1 LIMIT $2[0m  [["key", "environment"], ["LIMIT", 1]]
  [1m[35m (0.5ms)[0m  [1m[35mBEGIN[0m
  [1m[35m (0.0ms)[0m  [1m[35mCOMMIT[0m
  [1m[35m (0.0ms)[0m  [1m[34mSELECT pg_advisory_unlock(7456031615594172450)[0m
  [1m[35m (0.0ms)[0m  [1m[34mSELECT "schema_migrations"."version" FROM "schema_migrations" ORDER BY "schema_migrations"."version" ASC[0m
Started GET "/users/sign_in" for 127.0.0.1 at 2017-06-20 13:59:25 +0800
  
LoadError (cannot load such file -- omniauth):
  
app/models/user.rb:4:in `<class:User>'
app/models/user.rb:1:in `<top (required)>'
config/routes.rb:2:in `block in <top (required)>'
config/routes.rb:1:in `<top (required)>'
Started GET "/users/sign_in" for 127.0.0.1 at 2017-06-20 14:01:02 +0800
  
LoadError (cannot load such file -- omniauth):
  
app/models/user.rb:8:in `<class:User>'
app/models/user.rb:1:in `<top (required)>'
config/routes.rb:2:in `block in <top (required)>'
config/routes.rb:1:in `<top (required)>'
Started GET "/" for 127.0.0.1 at 2017-06-20 14:04:27 +0800
  [1m[35m (1.5ms)[0m  [1m[34mSELECT "schema_migrations"."version" FROM "schema_migrations" ORDER BY "schema_migrations"."version" ASC[0m
Processing by Rails::WelcomeController#index as HTML
  Rendering C:/RailsInstaller/Ruby2.3.0/lib/ruby/gems/2.3.0/gems/railties-5.1.1/lib/rails/templates/rails/welcome/index.html.erb
  Rendered C:/RailsInstaller/Ruby2.3.0/lib/ruby/gems/2.3.0/gems/railties-5.1.1/lib/rails/templates/rails/welcome/index.html.erb (21.1ms)
Completed 200 OK in 224ms (Views: 179.5ms | ActiveRecord: 0.0ms)


Started GET "/users/sign_in" for 127.0.0.1 at 2017-06-20 14:04:34 +0800
Processing by Devise::SessionsController#new as HTML
  Rendering devise/sessions/new.html.erb within layouts/application
  Rendered devise/shared/_links.html.erb (1.5ms) [cache miss]
  Rendered devise/sessions/new.html.erb within layouts/application (50.6ms)
Completed 200 OK in 447ms (Views: 424.8ms | ActiveRecord: 3.8ms)


Started GET "/users/auth/facebook" for 127.0.0.1 at 2017-06-20 14:04:47 +0800
Started GET "/users/auth/facebook" for 127.0.0.1 at 2017-06-20 14:04:47 +0800
Started GET "/users/sign_in" for 127.0.0.1 at 2017-06-20 14:08:13 +0800
Processing by Devise::SessionsController#new as HTML
  Rendering devise/sessions/new.html.erb within layouts/application
  Rendered devise/shared/_links.html.erb (1.0ms) [cache miss]
  Rendered devise/sessions/new.html.erb within layouts/application (27.5ms)
Completed 200 OK in 239ms (Views: 237.8ms | ActiveRecord: 0.0ms)


Started GET "/users/auth/facebook" for 127.0.0.1 at 2017-06-20 14:51:21 +0800
Started GET "/users/auth/facebook" for 127.0.0.1 at 2017-06-20 14:51:21 +0800
Started GET "/users/auth/facebook" for 127.0.0.1 at 2017-06-20 14:57:50 +0800
Started GET "/users/auth/facebook" for 127.0.0.1 at 2017-06-20 14:57:51 +0800
Started GET "/users/sign_in" for 127.0.0.1 at 2017-06-20 14:58:15 +0800
  [1m[35m (8.0ms)[0m  [1m[34mSELECT "schema_migrations"."version" FROM "schema_migrations" ORDER BY "schema_migrations"."version" ASC[0m
Processing by Devise::SessionsController#new as HTML
  Rendering devise/sessions/new.html.erb within layouts/application
  Rendered devise/shared/_links.html.erb (1.5ms) [cache miss]
  Rendered devise/sessions/new.html.erb within layouts/application (202.3ms)
Completed 200 OK in 1114ms (Views: 1019.2ms | ActiveRecord: 42.7ms)


Started GET "/users/sign_in" for 127.0.0.1 at 2017-06-20 14:58:30 +0800
Processing by Devise::SessionsController#new as HTML
  Rendering devise/sessions/new.html.erb within layouts/application
  Rendered devise/shared/_links.html.erb (1.0ms) [cache miss]
  Rendered devise/sessions/new.html.erb within layouts/application (56.7ms)
Completed 200 OK in 353ms (Views: 351.2ms | ActiveRecord: 0.0ms)


Started GET "/users/auth/facebook" for 127.0.0.1 at 2017-06-20 14:58:37 +0800
Started GET "/users/auth/facebook" for 127.0.0.1 at 2017-06-20 14:58:37 +0800
Started GET "/users/auth/facebook" for 127.0.0.1 at 2017-06-20 14:59:48 +0800
Started GET "/users/auth/facebook" for 127.0.0.1 at 2017-06-20 14:59:48 +0800
Started GET "/users/auth/facebook" for 127.0.0.1 at 2017-06-20 15:00:23 +0800
Started GET "/users/auth/facebook" for 127.0.0.1 at 2017-06-20 15:00:23 +0800
Started GET "/users/auth/facebook" for 127.0.0.1 at 2017-06-20 15:00:27 +0800
Started GET "/users/auth/facebook" for 127.0.0.1 at 2017-06-20 15:00:27 +0800
Started GET "/users/sign_in" for 127.0.0.1 at 2017-06-20 15:00:38 +0800
  [1m[35m (1.0ms)[0m  [1m[34mSELECT "schema_migrations"."version" FROM "schema_migrations" ORDER BY "schema_migrations"."version" ASC[0m
Processing by Devise::SessionsController#new as HTML
  Rendering devise/sessions/new.html.erb within layouts/application
  Rendered devise/shared/_links.html.erb (1.5ms) [cache miss]
  Rendered devise/sessions/new.html.erb within layouts/application (52.7ms)
Completed 200 OK in 455ms (Views: 421.7ms | ActiveRecord: 3.9ms)


Started GET "/users/auth/facebook" for 127.0.0.1 at 2017-06-20 15:00:49 +0800
Started GET "/users/auth/facebook" for 127.0.0.1 at 2017-06-20 15:00:49 +0800
Started GET "/users/sign_up" for 127.0.0.1 at 2017-06-20 15:01:38 +0800
Processing by Devise::RegistrationsController#new as HTML
  Rendering devise/registrations/new.html.erb within layouts/application
  Rendered devise/shared/_links.html.erb (1.1ms) [cache miss]
  Rendered devise/registrations/new.html.erb within layouts/application (50.4ms)
Completed 200 OK in 361ms (Views: 358.0ms | ActiveRecord: 0.0ms)


Started GET "/users/sign_up" for 127.0.0.1 at 2017-06-20 15:03:02 +0800
Processing by Devise::RegistrationsController#new as HTML
  Rendering devise/registrations/new.html.erb within layouts/application
  Rendered devise/registrations/new.html.erb within layouts/application (40.0ms)
Completed 500 Internal Server Error in 214ms (ActiveRecord: 0.0ms)


  
ActionView::Template::Error (undefined method `first_name' for #<User:0xaf2dc50>):
    10: 
    11:     <div class="field">
    12:     <%= f.label :first_name %><br />
    13:     <%= f.email_field :first_name, autofocus: true %>
    14:   </div>
    15: 
    16: 
  
app/views/devise/registrations/new.html.erb:13:in `block in _app_views_devise_registrations_new_html_erb__661399192_91841160'
app/views/devise/registrations/new.html.erb:3:in `_app_views_devise_registrations_new_html_erb__661399192_91841160'
Started GET "/users/sign_up" for 127.0.0.1 at 2017-06-20 15:03:32 +0800
Processing by Devise::RegistrationsController#new as HTML
  Rendering devise/registrations/new.html.erb within layouts/application
  Rendered devise/registrations/new.html.erb within layouts/application (34.6ms)
Completed 500 Internal Server Error in 200ms (ActiveRecord: 0.0ms)


  
ActionView::Template::Error (undefined method `first_name' for #<User:0xa7397d8>):
    10: 
    11:     <div class="field">
    12:     <%= f.label :first_name %><br />
    13:     <%= f.text_field :first_name, autofocus: true %>
    14:   </div>
    15: 
    16: 
  
app/views/devise/registrations/new.html.erb:13:in `block in _app_views_devise_registrations_new_html_erb__661399192_87617292'
app/views/devise/registrations/new.html.erb:3:in `_app_views_devise_registrations_new_html_erb__661399192_87617292'
  [1m[35m (0.0ms)[0m  [1m[34mSELECT pg_try_advisory_lock(7456031615594172450);[0m
  [1m[35m (1.0ms)[0m  [1m[34mSELECT "schema_migrations"."version" FROM "schema_migrations" ORDER BY "schema_migrations"."version" ASC[0m
  [1m[36mActiveRecord::InternalMetadata Load (6.6ms)[0m  [1m[34mSELECT  "ar_internal_metadata".* FROM "ar_internal_metadata" WHERE "ar_internal_metadata"."key" = $1 LIMIT $2[0m  [["key", "environment"], ["LIMIT", 1]]
  [1m[35m (0.7ms)[0m  [1m[35mBEGIN[0m
  [1m[35m (0.0ms)[0m  [1m[35mCOMMIT[0m
  [1m[35m (0.5ms)[0m  [1m[34mSELECT pg_advisory_unlock(7456031615594172450)[0m
  [1m[35m (0.5ms)[0m  [1m[34mSELECT "schema_migrations"."version" FROM "schema_migrations" ORDER BY "schema_migrations"."version" ASC[0m
Started GET "/users/sign_up" for 127.0.0.1 at 2017-06-20 15:07:53 +0800
Processing by Devise::RegistrationsController#new as HTML
  Rendering devise/registrations/new.html.erb within layouts/application
  Rendered devise/registrations/new.html.erb within layouts/application (34.6ms)
Completed 500 Internal Server Error in 191ms (ActiveRecord: 3.0ms)


  
ActionView::Template::Error (undefined method `first_name' for #<User:0x5b28610>):
    10: 
    11:     <div class="field">
    12:     <%= f.label :first_name %><br />
    13:     <%= f.text_field :first_name, autofocus: true %>
    14:   </div>
    15: 
    16: 
  
app/views/devise/registrations/new.html.erb:13:in `block in _app_views_devise_registrations_new_html_erb__661399192_44398584'
app/views/devise/registrations/new.html.erb:3:in `_app_views_devise_registrations_new_html_erb__661399192_44398584'
  [1m[36mUser Load (4.5ms)[0m  [1m[34mSELECT  "users".* FROM "users" LIMIT $1[0m  [["LIMIT", 11]]
  [1m[35m (0.5ms)[0m  [1m[34mSELECT "schema_migrations"."version" FROM "schema_migrations" ORDER BY "schema_migrations"."version" ASC[0m
  [1m[35m (0.0ms)[0m  [1m[34mSELECT pg_try_advisory_lock(7456031615594172450);[0m
  [1m[35m (0.5ms)[0m  [1m[34mSELECT "schema_migrations"."version" FROM "schema_migrations" ORDER BY "schema_migrations"."version" ASC[0m
Migrating to AddOmniauthToUsers (20170620054959)
  [1m[35m (0.5ms)[0m  [1m[35mBEGIN[0m
  [1m[35m (6.8ms)[0m  [1m[35mALTER TABLE "users" DROP "uid"[0m
  [1m[35m (0.5ms)[0m  [1m[35mALTER TABLE "users" DROP "provider"[0m
  [1m[35mSQL (0.0ms)[0m  [1m[31mDELETE FROM "schema_migrations" WHERE "schema_migrations"."version" = $1[0m  [["version", "20170620054959"]]
  [1m[35m (10.3ms)[0m  [1m[35mCOMMIT[0m
  [1m[35m (0.6ms)[0m  [1m[34mSELECT pg_advisory_unlock(7456031615594172450)[0m
  [1m[35m (0.5ms)[0m  [1m[34mSELECT "schema_migrations"."version" FROM "schema_migrations" ORDER BY "schema_migrations"."version" ASC[0m
  [1m[35m (0.5ms)[0m  [1m[34mSELECT "schema_migrations"."version" FROM "schema_migrations" ORDER BY "schema_migrations"."version" ASC[0m
  [1m[35m (0.5ms)[0m  [1m[34mSELECT "ar_internal_metadata"."value" FROM "ar_internal_metadata" WHERE "ar_internal_metadata"."key" = $1[0m  [["key", "environment"]]
  [1m[35m (0.0ms)[0m  [1m[34mSELECT "schema_migrations"."version" FROM "schema_migrations" ORDER BY "schema_migrations"."version" ASC[0m
  [1m[35m (0.0ms)[0m  [1m[34mSELECT "ar_internal_metadata"."value" FROM "ar_internal_metadata" WHERE "ar_internal_metadata"."key" = $1[0m  [["key", "environment"]]
  [1m[35m (0.3ms)[0m  [1m[34mSELECT "schema_migrations"."version" FROM "schema_migrations" ORDER BY "schema_migrations"."version" ASC[0m
  [1m[35m (0.5ms)[0m  [1m[34mSELECT "ar_internal_metadata"."value" FROM "ar_internal_metadata" WHERE "ar_internal_metadata"."key" = $1[0m  [["key", "environment"]]
  [1m[35m (329.4ms)[0m  [1m[35mDROP DATABASE IF EXISTS "bigbazaar_development"[0m
  [1m[35m (284.9ms)[0m  [1m[35mDROP DATABASE IF EXISTS "bigbazaar_test"[0m
  [1m[35m (23.0ms)[0m  [1m[35mCREATE TABLE "schema_migrations" ("version" character varying NOT NULL PRIMARY KEY)[0m
  [1m[35m (12.0ms)[0m  [1m[35mCREATE TABLE "ar_internal_metadata" ("key" character varying NOT NULL PRIMARY KEY, "value" character varying, "created_at" timestamp NOT NULL, "updated_at" timestamp NOT NULL)[0m
  [1m[35m (0.5ms)[0m  [1m[34mSELECT pg_try_advisory_lock(7456031615594172450);[0m
  [1m[35m (0.5ms)[0m  [1m[34mSELECT "schema_migrations"."version" FROM "schema_migrations" ORDER BY "schema_migrations"."version" ASC[0m
Migrating to CreateProducts (20170619083227)
  [1m[35m (0.0ms)[0m  [1m[35mBEGIN[0m
  [1m[35m (20.1ms)[0m  [1m[35mCREATE TABLE "products" ("id" bigserial primary key, "description" text, "category" text, "created_at" timestamp NOT NULL, "updated_at" timestamp NOT NULL)[0m
  [1m[35mSQL (1.5ms)[0m  [1m[32mINSERT INTO "schema_migrations" ("version") VALUES ($1) RETURNING "version"[0m  [["version", "20170619083227"]]
  [1m[35m (2.9ms)[0m  [1m[35mCOMMIT[0m
Migrating to CreateOrders (20170619083235)
  [1m[35m (6.0ms)[0m  [1m[35mBEGIN[0m
  [1m[35m (20.5ms)[0m  [1m[35mCREATE TABLE "orders" ("id" bigserial primary key, "orderstatus" text, "paymentstatus" text, "created_at" timestamp NOT NULL, "updated_at" timestamp NOT NULL)[0m
  [1m[35mSQL (0.5ms)[0m  [1m[32mINSERT INTO "schema_migrations" ("version") VALUES ($1) RETURNING "version"[0m  [["version", "20170619083235"]]
  [1m[35m (3.0ms)[0m  [1m[35mCOMMIT[0m
Migrating to CreateInventories (20170619083839)
  [1m[35m (1.5ms)[0m  [1m[35mBEGIN[0m
  [1m[35m (12.2ms)[0m  [1m[35mCREATE TABLE "inventories" ("id" bigserial primary key, "qty" integer, "created_at" timestamp NOT NULL, "updated_at" timestamp NOT NULL)[0m
  [1m[35mSQL (0.5ms)[0m  [1m[32mINSERT INTO "schema_migrations" ("version") VALUES ($1) RETURNING "version"[0m  [["version", "20170619083839"]]
  [1m[35m (2.3ms)[0m  [1m[35mCOMMIT[0m
Migrating to CreateProductOrders (20170619083938)
  [1m[35m (1.5ms)[0m  [1m[35mBEGIN[0m
  [1m[35m (10.7ms)[0m  [1m[35mCREATE TABLE "product_orders" ("id" bigserial primary key, "created_at" timestamp NOT NULL, "updated_at" timestamp NOT NULL)[0m
  [1m[35mSQL (0.5ms)[0m  [1m[32mINSERT INTO "schema_migrations" ("version") VALUES ($1) RETURNING "version"[0m  [["version", "20170619083938"]]
  [1m[35m (2.3ms)[0m  [1m[35mCOMMIT[0m
Migrating to CreateProductImages (20170619084029)
  [1m[35m (1.5ms)[0m  [1m[35mBEGIN[0m
  [1m[35m (11.2ms)[0m  [1m[35mCREATE TABLE "product_images" ("id" bigserial primary key, "created_at" timestamp NOT NULL, "updated_at" timestamp NOT NULL)[0m
  [1m[35mSQL (0.5ms)[0m  [1m[32mINSERT INTO "schema_migrations" ("version") VALUES ($1) RETURNING "version"[0m  [["version", "20170619084029"]]
  [1m[35m (2.5ms)[0m  [1m[35mCOMMIT[0m
Migrating to CreateShoppingCarts (20170619084045)
  [1m[35m (1.5ms)[0m  [1m[35mBEGIN[0m
  [1m[35m (12.9ms)[0m  [1m[35mCREATE TABLE "shopping_carts" ("id" bigserial primary key, "created_at" timestamp NOT NULL, "updated_at" timestamp NOT NULL)[0m
  [1m[35mSQL (1.0ms)[0m  [1m[32mINSERT INTO "schema_migrations" ("version") VALUES ($1) RETURNING "version"[0m  [["version", "20170619084045"]]
  [1m[35m (2.8ms)[0m  [1m[35mCOMMIT[0m
Migrating to DeviseCreateUsers (20170620054125)
  [1m[35m (2.0ms)[0m  [1m[35mBEGIN[0m
  [1m[35m (29.3ms)[0m  [1m[35mCREATE TABLE "users" ("id" bigserial primary key, "email" character varying DEFAULT '' NOT NULL, "encrypted_password" character varying DEFAULT '' NOT NULL, "first_name" character varying, "last_name" character varying, "tel" character varying, "address" character varying, "reset_password_token" character varying, "reset_password_sent_at" timestamp, "remember_created_at" timestamp, "sign_in_count" integer DEFAULT 0 NOT NULL, "current_sign_in_at" timestamp, "last_sign_in_at" timestamp, "current_sign_in_ip" inet, "last_sign_in_ip" inet, "created_at" timestamp NOT NULL, "updated_at" timestamp NOT NULL)[0m
  [1m[35m (11.1ms)[0m  [1m[35mCREATE UNIQUE INDEX  "index_users_on_email" ON "users"  ("email")[0m
  [1m[35m (10.7ms)[0m  [1m[35mCREATE UNIQUE INDEX  "index_users_on_reset_password_token" ON "users"  ("reset_password_token")[0m
  [1m[35mSQL (1.0ms)[0m  [1m[32mINSERT INTO "schema_migrations" ("version") VALUES ($1) RETURNING "version"[0m  [["version", "20170620054125"]]
  [1m[35m (3.4ms)[0m  [1m[35mCOMMIT[0m
Migrating to AddOmniauthToUsers (20170620054959)
  [1m[35m (2.3ms)[0m  [1m[35mBEGIN[0m
  [1m[35m (1.0ms)[0m  [1m[35mALTER TABLE "users" ADD "provider" character varying[0m
  [1m[35m (1.0ms)[0m  [1m[35mALTER TABLE "users" ADD "uid" character varying[0m
  [1m[35mSQL (1.0ms)[0m  [1m[32mINSERT INTO "schema_migrations" ("version") VALUES ($1) RETURNING "version"[0m  [["version", "20170620054959"]]
  [1m[35m (2.5ms)[0m  [1m[35mCOMMIT[0m
  [1m[36mActiveRecord::InternalMetadata Load (2.0ms)[0m  [1m[34mSELECT  "ar_internal_metadata".* FROM "ar_internal_metadata" WHERE "ar_internal_metadata"."key" = $1 LIMIT $2[0m  [["key", "environment"], ["LIMIT", 1]]
  [1m[35m (0.5ms)[0m  [1m[35mBEGIN[0m
  [1m[35mSQL (3.0ms)[0m  [1m[32mINSERT INTO "ar_internal_metadata" ("key", "value", "created_at", "updated_at") VALUES ($1, $2, $3, $4) RETURNING "key"[0m  [["key", "environment"], ["value", "development"], ["created_at", "2017-06-20 07:13:18.318900"], ["updated_at", "2017-06-20 07:13:18.318900"]]
  [1m[35m (2.7ms)[0m  [1m[35mCOMMIT[0m
  [1m[35m (0.5ms)[0m  [1m[34mSELECT pg_advisory_unlock(7456031615594172450)[0m
  [1m[35m (0.5ms)[0m  [1m[34mSELECT "schema_migrations"."version" FROM "schema_migrations" ORDER BY "schema_migrations"."version" ASC[0m
Started GET "/users/sign_up" for 127.0.0.1 at 2017-06-20 15:14:53 +0800
  [1m[35m (1.0ms)[0m  [1m[34mSELECT "schema_migrations"."version" FROM "schema_migrations" ORDER BY "schema_migrations"."version" ASC[0m
Processing by Devise::RegistrationsController#new as HTML
  Rendering devise/registrations/new.html.erb within layouts/application
  Rendered devise/shared/_links.html.erb (1.1ms) [cache miss]
  Rendered devise/registrations/new.html.erb within layouts/application (49.1ms)
Completed 200 OK in 432ms (Views: 403.1ms | ActiveRecord: 3.5ms)


Started GET "/users/sign_up" for 127.0.0.1 at 2017-06-20 15:16:04 +0800
Processing by Devise::RegistrationsController#new as HTML
  Rendering devise/registrations/new.html.erb within layouts/application
  Rendered devise/shared/_links.html.erb (0.5ms) [cache miss]
  Rendered devise/registrations/new.html.erb within layouts/application (34.6ms)
Completed 200 OK in 368ms (Views: 365.7ms | ActiveRecord: 0.0ms)


Started GET "/users/auth/facebook" for 127.0.0.1 at 2017-06-20 15:16:12 +0800
Started GET "/users/auth/facebook" for 127.0.0.1 at 2017-06-20 15:16:12 +0800
Started GET "/users/auth/facebook/callback?code=AQCTtK5FPQ272zUwy3I_l3N3fNXiW4nroZvpSY2RVcEfdXkAaFyrQDUJrQwc5vxcK0f5Z7MhqnqGkEjD8FrQ9ZzXQG7x4PfQlfRzlUGu2bG0X3LcT7jj-6HHxSWtyKMHDEFJe621DErJXEBtUFUheEo7HnwBjlqzjM_M1grqdvDGWO8akaAug3_3jGFBbDzp30UAD-5gbG4LnbBd9zids8HjkHlArMAI8N2jASnLGtTapRixB-W2dX0edPEJn-4VTeKgKzcMbYgjH2hXeI-sn7ySk3UqxLeoe3kozoeMThe0FVat3UPADJYmrRg2iMEIa0Y&state=f735b129da42b9a54e559ac3714c565435871b3ba25e3c71" for 127.0.0.1 at 2017-06-20 15:16:16 +0800
  
Faraday::SSLError (SSL_connect returned=1 errno=0 state=error: certificate verify failed):
  
C:/RailsInstaller/Ruby2.3.0/lib/ruby/2.3.0/net/http.rb:933:in `connect_nonblock'
C:/RailsInstaller/Ruby2.3.0/lib/ruby/2.3.0/net/http.rb:933:in `connect'
C:/RailsInstaller/Ruby2.3.0/lib/ruby/2.3.0/net/http.rb:863:in `do_start'
C:/RailsInstaller/Ruby2.3.0/lib/ruby/2.3.0/net/http.rb:852:in `start'
C:/RailsInstaller/Ruby2.3.0/lib/ruby/2.3.0/net/http.rb:1398:in `request'
faraday (0.12.1) lib/faraday/adapter/net_http.rb:80:in `perform_request'
faraday (0.12.1) lib/faraday/adapter/net_http.rb:38:in `block in call'
faraday (0.12.1) lib/faraday/adapter/net_http.rb:85:in `with_net_http_connection'
faraday (0.12.1) lib/faraday/adapter/net_http.rb:33:in `call'
faraday (0.12.1) lib/faraday/request/url_encoded.rb:15:in `call'
faraday (0.12.1) lib/faraday/rack_builder.rb:139:in `build_response'
faraday (0.12.1) lib/faraday/connection.rb:386:in `run_request'
oauth2 (1.4.0) lib/oauth2/client.rb:99:in `request'
oauth2 (1.4.0) lib/oauth2/client.rb:146:in `get_token'
oauth2 (1.4.0) lib/oauth2/strategy/auth_code.rb:30:in `get_token'
omniauth-oauth2 (1.4.0) lib/omniauth/strategies/oauth2.rb:89:in `build_access_token'
omniauth-facebook (4.0.0) lib/omniauth/strategies/facebook.rb:110:in `build_access_token'
omniauth-oauth2 (1.4.0) lib/omniauth/strategies/oauth2.rb:73:in `callback_phase'
omniauth-facebook (4.0.0) lib/omniauth/strategies/facebook.rb:67:in `block in callback_phase'
omniauth-facebook (4.0.0) lib/omniauth/strategies/facebook.rb:131:in `with_authorization_code!'
omniauth-facebook (4.0.0) lib/omniauth/strategies/facebook.rb:66:in `callback_phase'
omniauth (1.6.1) lib/omniauth/strategy.rb:230:in `callback_call'
omniauth (1.6.1) lib/omniauth/strategy.rb:187:in `call!'
omniauth (1.6.1) lib/omniauth/strategy.rb:167:in `call'
warden (1.2.7) lib/warden/manager.rb:36:in `block in call'
warden (1.2.7) lib/warden/manager.rb:35:in `catch'
warden (1.2.7) lib/warden/manager.rb:35:in `call'
rack (2.0.3) lib/rack/etag.rb:25:in `call'
rack (2.0.3) lib/rack/conditional_get.rb:25:in `call'
rack (2.0.3) lib/rack/head.rb:12:in `call'
rack (2.0.3) lib/rack/session/abstract/id.rb:232:in `context'
rack (2.0.3) lib/rack/session/abstract/id.rb:226:in `call'
actionpack (5.1.1) lib/action_dispatch/middleware/cookies.rb:613:in `call'
activerecord (5.1.1) lib/active_record/migration.rb:556:in `call'
actionpack (5.1.1) lib/action_dispatch/middleware/callbacks.rb:26:in `block in call'
activesupport (5.1.1) lib/active_support/callbacks.rb:97:in `run_callbacks'
actionpack (5.1.1) lib/action_dispatch/middleware/callbacks.rb:24:in `call'
actionpack (5.1.1) lib/action_dispatch/middleware/executor.rb:12:in `call'
actionpack (5.1.1) lib/action_dispatch/middleware/debug_exceptions.rb:59:in `call'
web-console (3.5.1) lib/web_console/middleware.rb:135:in `call_app'
web-console (3.5.1) lib/web_console/middleware.rb:28:in `block in call'
web-console (3.5.1) lib/web_console/middleware.rb:18:in `catch'
web-console (3.5.1) lib/web_console/middleware.rb:18:in `call'
actionpack (5.1.1) lib/action_dispatch/middleware/show_exceptions.rb:31:in `call'
railties (5.1.1) lib/rails/rack/logger.rb:36:in `call_app'
railties (5.1.1) lib/rails/rack/logger.rb:24:in `block in call'
activesupport (5.1.1) lib/active_support/tagged_logging.rb:69:in `block in tagged'
activesupport (5.1.1) lib/active_support/tagged_logging.rb:26:in `tagged'
activesupport (5.1.1) lib/active_support/tagged_logging.rb:69:in `tagged'
railties (5.1.1) lib/rails/rack/logger.rb:24:in `call'
sprockets-rails (3.2.0) lib/sprockets/rails/quiet_assets.rb:13:in `call'
actionpack (5.1.1) lib/action_dispatch/middleware/remote_ip.rb:79:in `call'
actionpack (5.1.1) lib/action_dispatch/middleware/request_id.rb:25:in `call'
rack (2.0.3) lib/rack/method_override.rb:22:in `call'
rack (2.0.3) lib/rack/runtime.rb:22:in `call'
activesupport (5.1.1) lib/active_support/cache/strategy/local_cache_middleware.rb:27:in `call'
actionpack (5.1.1) lib/action_dispatch/middleware/executor.rb:12:in `call'
actionpack (5.1.1) lib/action_dispatch/middleware/static.rb:125:in `call'
rack (2.0.3) lib/rack/sendfile.rb:111:in `call'
railties (5.1.1) lib/rails/engine.rb:522:in `call'
puma (3.9.1) lib/puma/configuration.rb:224:in `call'
puma (3.9.1) lib/puma/server.rb:602:in `handle_request'
puma (3.9.1) lib/puma/server.rb:435:in `process_client'
puma (3.9.1) lib/puma/server.rb:299:in `block in run'
puma (3.9.1) lib/puma/thread_pool.rb:120:in `block in spawn_thread'
Started GET "/users/auth/facebook/callback?code=AQDvpwFs8-ZY4jL1L-qy6QIr3nfQw-kDuAkHUD9volREHzldAmdVfO8Bi4ULPIHwWQEwqYqpIYSh7pOpaxYI8hHvOkDl0z55Q3OfmsdDC2kuz83j0XNQYhQ7Gs3m6a3XRAW6DcFcvVpd79s8F0sv8BpQa1eSULgWiFYnIfCbxltKO_vfgAvqi22qDQamgl7WqkBYSy6SPqjvexcxsdpkVjf5HlKaowFwxMUMXRaIwqH_l3s6FBtP-gwm4K03740ZpNsU9rswkmeBEASMa9yKLt4tCMZ7dCK0axMlkBM6NJOovh_JkgB4uV9ZXLqsOKs6uGU&state=f735b129da42b9a54e559ac3714c565435871b3ba25e3c71" for 127.0.0.1 at 2017-06-20 15:16:31 +0800
  
Faraday::SSLError (SSL_connect returned=1 errno=0 state=error: certificate verify failed):
  
C:/RailsInstaller/Ruby2.3.0/lib/ruby/2.3.0/net/http.rb:933:in `connect_nonblock'
C:/RailsInstaller/Ruby2.3.0/lib/ruby/2.3.0/net/http.rb:933:in `connect'
C:/RailsInstaller/Ruby2.3.0/lib/ruby/2.3.0/net/http.rb:863:in `do_start'
C:/RailsInstaller/Ruby2.3.0/lib/ruby/2.3.0/net/http.rb:852:in `start'
C:/RailsInstaller/Ruby2.3.0/lib/ruby/2.3.0/net/http.rb:1398:in `request'
faraday (0.12.1) lib/faraday/adapter/net_http.rb:80:in `perform_request'
faraday (0.12.1) lib/faraday/adapter/net_http.rb:38:in `block in call'
faraday (0.12.1) lib/faraday/adapter/net_http.rb:85:in `with_net_http_connection'
faraday (0.12.1) lib/faraday/adapter/net_http.rb:33:in `call'
faraday (0.12.1) lib/faraday/request/url_encoded.rb:15:in `call'
faraday (0.12.1) lib/faraday/rack_builder.rb:139:in `build_response'
faraday (0.12.1) lib/faraday/connection.rb:386:in `run_request'
oauth2 (1.4.0) lib/oauth2/client.rb:99:in `request'
oauth2 (1.4.0) lib/oauth2/client.rb:146:in `get_token'
oauth2 (1.4.0) lib/oauth2/strategy/auth_code.rb:30:in `get_token'
omniauth-oauth2 (1.4.0) lib/omniauth/strategies/oauth2.rb:89:in `build_access_token'
omniauth-facebook (4.0.0) lib/omniauth/strategies/facebook.rb:110:in `build_access_token'
omniauth-oauth2 (1.4.0) lib/omniauth/strategies/oauth2.rb:73:in `callback_phase'
omniauth-facebook (4.0.0) lib/omniauth/strategies/facebook.rb:67:in `block in callback_phase'
omniauth-facebook (4.0.0) lib/omniauth/strategies/facebook.rb:131:in `with_authorization_code!'
omniauth-facebook (4.0.0) lib/omniauth/strategies/facebook.rb:66:in `callback_phase'
omniauth (1.6.1) lib/omniauth/strategy.rb:230:in `callback_call'
omniauth (1.6.1) lib/omniauth/strategy.rb:187:in `call!'
omniauth (1.6.1) lib/omniauth/strategy.rb:167:in `call'
warden (1.2.7) lib/warden/manager.rb:36:in `block in call'
warden (1.2.7) lib/warden/manager.rb:35:in `catch'
warden (1.2.7) lib/warden/manager.rb:35:in `call'
rack (2.0.3) lib/rack/etag.rb:25:in `call'
rack (2.0.3) lib/rack/conditional_get.rb:25:in `call'
rack (2.0.3) lib/rack/head.rb:12:in `call'
rack (2.0.3) lib/rack/session/abstract/id.rb:232:in `context'
rack (2.0.3) lib/rack/session/abstract/id.rb:226:in `call'
actionpack (5.1.1) lib/action_dispatch/middleware/cookies.rb:613:in `call'
activerecord (5.1.1) lib/active_record/migration.rb:556:in `call'
actionpack (5.1.1) lib/action_dispatch/middleware/callbacks.rb:26:in `block in call'
activesupport (5.1.1) lib/active_support/callbacks.rb:97:in `run_callbacks'
actionpack (5.1.1) lib/action_dispatch/middleware/callbacks.rb:24:in `call'
actionpack (5.1.1) lib/action_dispatch/middleware/executor.rb:12:in `call'
actionpack (5.1.1) lib/action_dispatch/middleware/debug_exceptions.rb:59:in `call'
web-console (3.5.1) lib/web_console/middleware.rb:135:in `call_app'
web-console (3.5.1) lib/web_console/middleware.rb:28:in `block in call'
web-console (3.5.1) lib/web_console/middleware.rb:18:in `catch'
web-console (3.5.1) lib/web_console/middleware.rb:18:in `call'
actionpack (5.1.1) lib/action_dispatch/middleware/show_exceptions.rb:31:in `call'
railties (5.1.1) lib/rails/rack/logger.rb:36:in `call_app'
railties (5.1.1) lib/rails/rack/logger.rb:24:in `block in call'
activesupport (5.1.1) lib/active_support/tagged_logging.rb:69:in `block in tagged'
activesupport (5.1.1) lib/active_support/tagged_logging.rb:26:in `tagged'
activesupport (5.1.1) lib/active_support/tagged_logging.rb:69:in `tagged'
railties (5.1.1) lib/rails/rack/logger.rb:24:in `call'
sprockets-rails (3.2.0) lib/sprockets/rails/quiet_assets.rb:13:in `call'
actionpack (5.1.1) lib/action_dispatch/middleware/remote_ip.rb:79:in `call'
actionpack (5.1.1) lib/action_dispatch/middleware/request_id.rb:25:in `call'
rack (2.0.3) lib/rack/method_override.rb:22:in `call'
rack (2.0.3) lib/rack/runtime.rb:22:in `call'
activesupport (5.1.1) lib/active_support/cache/strategy/local_cache_middleware.rb:27:in `call'
actionpack (5.1.1) lib/action_dispatch/middleware/executor.rb:12:in `call'
actionpack (5.1.1) lib/action_dispatch/middleware/static.rb:125:in `call'
rack (2.0.3) lib/rack/sendfile.rb:111:in `call'
railties (5.1.1) lib/rails/engine.rb:522:in `call'
puma (3.9.1) lib/puma/configuration.rb:224:in `call'
puma (3.9.1) lib/puma/server.rb:602:in `handle_request'
puma (3.9.1) lib/puma/server.rb:435:in `process_client'
puma (3.9.1) lib/puma/server.rb:299:in `block in run'
puma (3.9.1) lib/puma/thread_pool.rb:120:in `block in spawn_thread'
Started GET "/users/sign_in" for 127.0.0.1 at 2017-06-20 15:17:22 +0800
Processing by Devise::SessionsController#new as HTML
  Rendering devise/sessions/new.html.erb within layouts/application
  Rendered devise/shared/_links.html.erb (1.5ms) [cache miss]
  Rendered devise/sessions/new.html.erb within layouts/application (30.9ms)
Completed 200 OK in 218ms (Views: 214.9ms | ActiveRecord: 0.0ms)


Started GET "/users/sign_up" for 127.0.0.1 at 2017-06-20 15:18:08 +0800
Processing by Devise::RegistrationsController#new as HTML
  Rendering devise/registrations/new.html.erb within layouts/application
  Rendered devise/shared/_links.html.erb (1.0ms) [cache miss]
  Rendered devise/registrations/new.html.erb within layouts/application (27.4ms)
Completed 200 OK in 233ms (Views: 230.9ms | ActiveRecord: 0.0ms)


Started GET "/users/auth/facebook" for 127.0.0.1 at 2017-06-20 15:18:12 +0800
Started GET "/users/auth/facebook" for 127.0.0.1 at 2017-06-20 15:18:12 +0800
Started GET "/users/auth/facebook/callback?code=AQCsgAvTIR2jPp5yT3cGG_fnENhxZndL_FzLVtFkecwwgiZXIb3DlByS57sGZtz1qhjRTphjBTpvJYvg7bP2BFprEQAPXVuqdiG1Tv19B3w5CoEjapI3WJ-k8u_f3e5hW-ppkF8g6nd-Ny2eRgd34ctnMYR-ZpjrbkrNkAFS6QyEYGtGzbuSay4yVDr-6KVo5esATjfkXt3jb5vvqHei70HJKYLoQhU6kLc9HUezjOaPAL_rBF3pV_NNfmtfuNgG4JHO85izlg2UoGTapDkN02OlvGgI72Dqw1LUkvNlDTBpwJjwLDPy0RZehfY77qGWyZw&state=e6f6fa7f9125f837876e309db31eb6acda72dea919622ee7" for 127.0.0.1 at 2017-06-20 15:18:13 +0800
  
Faraday::SSLError (SSL_connect returned=1 errno=0 state=error: certificate verify failed):
  
C:/RailsInstaller/Ruby2.3.0/lib/ruby/2.3.0/net/http.rb:933:in `connect_nonblock'
C:/RailsInstaller/Ruby2.3.0/lib/ruby/2.3.0/net/http.rb:933:in `connect'
C:/RailsInstaller/Ruby2.3.0/lib/ruby/2.3.0/net/http.rb:863:in `do_start'
C:/RailsInstaller/Ruby2.3.0/lib/ruby/2.3.0/net/http.rb:852:in `start'
C:/RailsInstaller/Ruby2.3.0/lib/ruby/2.3.0/net/http.rb:1398:in `request'
faraday (0.12.1) lib/faraday/adapter/net_http.rb:80:in `perform_request'
faraday (0.12.1) lib/faraday/adapter/net_http.rb:38:in `block in call'
faraday (0.12.1) lib/faraday/adapter/net_http.rb:85:in `with_net_http_connection'
faraday (0.12.1) lib/faraday/adapter/net_http.rb:33:in `call'
faraday (0.12.1) lib/faraday/request/url_encoded.rb:15:in `call'
faraday (0.12.1) lib/faraday/rack_builder.rb:139:in `build_response'
faraday (0.12.1) lib/faraday/connection.rb:386:in `run_request'
oauth2 (1.4.0) lib/oauth2/client.rb:99:in `request'
oauth2 (1.4.0) lib/oauth2/client.rb:146:in `get_token'
oauth2 (1.4.0) lib/oauth2/strategy/auth_code.rb:30:in `get_token'
omniauth-oauth2 (1.4.0) lib/omniauth/strategies/oauth2.rb:89:in `build_access_token'
omniauth-facebook (4.0.0) lib/omniauth/strategies/facebook.rb:110:in `build_access_token'
omniauth-oauth2 (1.4.0) lib/omniauth/strategies/oauth2.rb:73:in `callback_phase'
omniauth-facebook (4.0.0) lib/omniauth/strategies/facebook.rb:67:in `block in callback_phase'
omniauth-facebook (4.0.0) lib/omniauth/strategies/facebook.rb:131:in `with_authorization_code!'
omniauth-facebook (4.0.0) lib/omniauth/strategies/facebook.rb:66:in `callback_phase'
omniauth (1.6.1) lib/omniauth/strategy.rb:230:in `callback_call'
omniauth (1.6.1) lib/omniauth/strategy.rb:187:in `call!'
omniauth (1.6.1) lib/omniauth/strategy.rb:167:in `call'
warden (1.2.7) lib/warden/manager.rb:36:in `block in call'
warden (1.2.7) lib/warden/manager.rb:35:in `catch'
warden (1.2.7) lib/warden/manager.rb:35:in `call'
rack (2.0.3) lib/rack/etag.rb:25:in `call'
rack (2.0.3) lib/rack/conditional_get.rb:25:in `call'
rack (2.0.3) lib/rack/head.rb:12:in `call'
rack (2.0.3) lib/rack/session/abstract/id.rb:232:in `context'
rack (2.0.3) lib/rack/session/abstract/id.rb:226:in `call'
actionpack (5.1.1) lib/action_dispatch/middleware/cookies.rb:613:in `call'
activerecord (5.1.1) lib/active_record/migration.rb:556:in `call'
actionpack (5.1.1) lib/action_dispatch/middleware/callbacks.rb:26:in `block in call'
activesupport (5.1.1) lib/active_support/callbacks.rb:97:in `run_callbacks'
actionpack (5.1.1) lib/action_dispatch/middleware/callbacks.rb:24:in `call'
actionpack (5.1.1) lib/action_dispatch/middleware/executor.rb:12:in `call'
actionpack (5.1.1) lib/action_dispatch/middleware/debug_exceptions.rb:59:in `call'
web-console (3.5.1) lib/web_console/middleware.rb:135:in `call_app'
web-console (3.5.1) lib/web_console/middleware.rb:28:in `block in call'
web-console (3.5.1) lib/web_console/middleware.rb:18:in `catch'
web-console (3.5.1) lib/web_console/middleware.rb:18:in `call'
actionpack (5.1.1) lib/action_dispatch/middleware/show_exceptions.rb:31:in `call'
railties (5.1.1) lib/rails/rack/logger.rb:36:in `call_app'
railties (5.1.1) lib/rails/rack/logger.rb:24:in `block in call'
activesupport (5.1.1) lib/active_support/tagged_logging.rb:69:in `block in tagged'
activesupport (5.1.1) lib/active_support/tagged_logging.rb:26:in `tagged'
activesupport (5.1.1) lib/active_support/tagged_logging.rb:69:in `tagged'
railties (5.1.1) lib/rails/rack/logger.rb:24:in `call'
sprockets-rails (3.2.0) lib/sprockets/rails/quiet_assets.rb:13:in `call'
actionpack (5.1.1) lib/action_dispatch/middleware/remote_ip.rb:79:in `call'
actionpack (5.1.1) lib/action_dispatch/middleware/request_id.rb:25:in `call'
rack (2.0.3) lib/rack/method_override.rb:22:in `call'
rack (2.0.3) lib/rack/runtime.rb:22:in `call'
activesupport (5.1.1) lib/active_support/cache/strategy/local_cache_middleware.rb:27:in `call'
actionpack (5.1.1) lib/action_dispatch/middleware/executor.rb:12:in `call'
actionpack (5.1.1) lib/action_dispatch/middleware/static.rb:125:in `call'
rack (2.0.3) lib/rack/sendfile.rb:111:in `call'
railties (5.1.1) lib/rails/engine.rb:522:in `call'
puma (3.9.1) lib/puma/configuration.rb:224:in `call'
puma (3.9.1) lib/puma/server.rb:602:in `handle_request'
puma (3.9.1) lib/puma/server.rb:435:in `process_client'
puma (3.9.1) lib/puma/server.rb:299:in `block in run'
puma (3.9.1) lib/puma/thread_pool.rb:120:in `block in spawn_thread'
Started GET "/users/auth/facebook" for 127.0.0.1 at 2017-06-20 15:19:25 +0800
Started GET "/users/auth/facebook" for 127.0.0.1 at 2017-06-20 15:19:25 +0800
Started GET "/users/auth/facebook/callback?code=AQCZipNoESHaYg3PPYs_1hIh7oAmTjLz3BZ5FlGSeB7FmIJHqbF-2POCd69MAbLeQn4Uy5oCeWhyU30YSGSe-c43rrPQSXoC4HYszVbiZrLsWq4dN5P3Dwu2eQt3FQmU1k13PDquZL7Ccx6YpGsrRsjdyzrLyPFY3IUn6GdaM5Lv-BznzbojLlgnqjg6aXnv2iIhufgI8IJrzqpF_9z1xu-toVFM10umnCFQVKjrajQLWopK-g3feJff-PmXY_os6hiPTQZfuRjTYgCiDYIBiX-SKGUBQmWK6UDh8xFLeWLgmpOfR7ccAMvFx8aS7FRPkas&state=c3c8ea62ade967e765f63dd91919c6cac16799ba45bda317" for 127.0.0.1 at 2017-06-20 15:19:26 +0800
  
Faraday::SSLError (SSL_connect returned=1 errno=0 state=error: certificate verify failed):
  
C:/RailsInstaller/Ruby2.3.0/lib/ruby/2.3.0/net/http.rb:933:in `connect_nonblock'
C:/RailsInstaller/Ruby2.3.0/lib/ruby/2.3.0/net/http.rb:933:in `connect'
C:/RailsInstaller/Ruby2.3.0/lib/ruby/2.3.0/net/http.rb:863:in `do_start'
C:/RailsInstaller/Ruby2.3.0/lib/ruby/2.3.0/net/http.rb:852:in `start'
C:/RailsInstaller/Ruby2.3.0/lib/ruby/2.3.0/net/http.rb:1398:in `request'
faraday (0.12.1) lib/faraday/adapter/net_http.rb:80:in `perform_request'
faraday (0.12.1) lib/faraday/adapter/net_http.rb:38:in `block in call'
faraday (0.12.1) lib/faraday/adapter/net_http.rb:85:in `with_net_http_connection'
faraday (0.12.1) lib/faraday/adapter/net_http.rb:33:in `call'
faraday (0.12.1) lib/faraday/request/url_encoded.rb:15:in `call'
faraday (0.12.1) lib/faraday/rack_builder.rb:139:in `build_response'
faraday (0.12.1) lib/faraday/connection.rb:386:in `run_request'
oauth2 (1.4.0) lib/oauth2/client.rb:99:in `request'
oauth2 (1.4.0) lib/oauth2/client.rb:146:in `get_token'
oauth2 (1.4.0) lib/oauth2/strategy/auth_code.rb:30:in `get_token'
omniauth-oauth2 (1.4.0) lib/omniauth/strategies/oauth2.rb:89:in `build_access_token'
omniauth-facebook (4.0.0) lib/omniauth/strategies/facebook.rb:110:in `build_access_token'
omniauth-oauth2 (1.4.0) lib/omniauth/strategies/oauth2.rb:73:in `callback_phase'
omniauth-facebook (4.0.0) lib/omniauth/strategies/facebook.rb:67:in `block in callback_phase'
omniauth-facebook (4.0.0) lib/omniauth/strategies/facebook.rb:131:in `with_authorization_code!'
omniauth-facebook (4.0.0) lib/omniauth/strategies/facebook.rb:66:in `callback_phase'
omniauth (1.6.1) lib/omniauth/strategy.rb:230:in `callback_call'
omniauth (1.6.1) lib/omniauth/strategy.rb:187:in `call!'
omniauth (1.6.1) lib/omniauth/strategy.rb:167:in `call'
warden (1.2.7) lib/warden/manager.rb:36:in `block in call'
warden (1.2.7) lib/warden/manager.rb:35:in `catch'
warden (1.2.7) lib/warden/manager.rb:35:in `call'
rack (2.0.3) lib/rack/etag.rb:25:in `call'
rack (2.0.3) lib/rack/conditional_get.rb:25:in `call'
rack (2.0.3) lib/rack/head.rb:12:in `call'
rack (2.0.3) lib/rack/session/abstract/id.rb:232:in `context'
rack (2.0.3) lib/rack/session/abstract/id.rb:226:in `call'
actionpack (5.1.1) lib/action_dispatch/middleware/cookies.rb:613:in `call'
activerecord (5.1.1) lib/active_record/migration.rb:556:in `call'
actionpack (5.1.1) lib/action_dispatch/middleware/callbacks.rb:26:in `block in call'
activesupport (5.1.1) lib/active_support/callbacks.rb:97:in `run_callbacks'
actionpack (5.1.1) lib/action_dispatch/middleware/callbacks.rb:24:in `call'
actionpack (5.1.1) lib/action_dispatch/middleware/executor.rb:12:in `call'
actionpack (5.1.1) lib/action_dispatch/middleware/debug_exceptions.rb:59:in `call'
web-console (3.5.1) lib/web_console/middleware.rb:135:in `call_app'
web-console (3.5.1) lib/web_console/middleware.rb:28:in `block in call'
web-console (3.5.1) lib/web_console/middleware.rb:18:in `catch'
web-console (3.5.1) lib/web_console/middleware.rb:18:in `call'
actionpack (5.1.1) lib/action_dispatch/middleware/show_exceptions.rb:31:in `call'
railties (5.1.1) lib/rails/rack/logger.rb:36:in `call_app'
railties (5.1.1) lib/rails/rack/logger.rb:24:in `block in call'
activesupport (5.1.1) lib/active_support/tagged_logging.rb:69:in `block in tagged'
activesupport (5.1.1) lib/active_support/tagged_logging.rb:26:in `tagged'
activesupport (5.1.1) lib/active_support/tagged_logging.rb:69:in `tagged'
railties (5.1.1) lib/rails/rack/logger.rb:24:in `call'
sprockets-rails (3.2.0) lib/sprockets/rails/quiet_assets.rb:13:in `call'
actionpack (5.1.1) lib/action_dispatch/middleware/remote_ip.rb:79:in `call'
actionpack (5.1.1) lib/action_dispatch/middleware/request_id.rb:25:in `call'
rack (2.0.3) lib/rack/method_override.rb:22:in `call'
rack (2.0.3) lib/rack/runtime.rb:22:in `call'
activesupport (5.1.1) lib/active_support/cache/strategy/local_cache_middleware.rb:27:in `call'
actionpack (5.1.1) lib/action_dispatch/middleware/executor.rb:12:in `call'
actionpack (5.1.1) lib/action_dispatch/middleware/static.rb:125:in `call'
rack (2.0.3) lib/rack/sendfile.rb:111:in `call'
railties (5.1.1) lib/rails/engine.rb:522:in `call'
puma (3.9.1) lib/puma/configuration.rb:224:in `call'
puma (3.9.1) lib/puma/server.rb:602:in `handle_request'
puma (3.9.1) lib/puma/server.rb:435:in `process_client'
puma (3.9.1) lib/puma/server.rb:299:in `block in run'
puma (3.9.1) lib/puma/thread_pool.rb:120:in `block in spawn_thread'
Started PUT "/__web_console/repl_sessions/79ab5e89fee911515d4f04f9ea889378" for 127.0.0.1 at 2017-06-20 17:19:24 +0800
Started PUT "/__web_console/repl_sessions/79ab5e89fee911515d4f04f9ea889378" for 127.0.0.1 at 2017-06-20 17:19:29 +0800
Started GET "/users/sign_in" for 127.0.0.1 at 2017-06-20 17:20:00 +0800
Processing by Devise::SessionsController#new as HTML
  Rendering devise/sessions/new.html.erb within layouts/application
  Rendered devise/shared/_links.html.erb (1.0ms) [cache miss]
  Rendered devise/sessions/new.html.erb within layouts/application (27.0ms)
Completed 200 OK in 245ms (Views: 241.8ms | ActiveRecord: 0.0ms)


Started GET "/users/sign_up" for 127.0.0.1 at 2017-06-20 17:20:02 +0800
Processing by Devise::RegistrationsController#new as HTML
  Rendering devise/registrations/new.html.erb within layouts/application
  Rendered devise/shared/_links.html.erb (2.0ms) [cache miss]
  Rendered devise/registrations/new.html.erb within layouts/application (40.1ms)
Completed 200 OK in 225ms (Views: 223.6ms | ActiveRecord: 0.0ms)


Started POST "/users" for 127.0.0.1 at 2017-06-20 17:20:22 +0800
Processing by Devise::RegistrationsController#create as HTML
  Parameters: {"utf8"=>"✓", "authenticity_token"=>"dOP5QEqm9mTwzF560IK2kzDnUw4REfyrVyxv+AACmMmNK2E8OAe6h69aULuHIXefnqPXwKaoBpORZYcOmL+U4w==", "user"=>{"email"=>"starhubber81@gmail.com", "first_name"=>"Gerald Nah", "last_name"=>"Haw Yuan", "tel"=>"92220847", "address"=>"Blk 894A Tampines St 81 #03-900", "password"=>"[FILTERED]", "password_confirmation"=>"[FILTERED]"}, "commit"=>"Sign up"}
Unpermitted parameters: :first_name, :last_name, :tel, :address
Completed 500 Internal Server Error in 21ms (ActiveRecord: 0.0ms)


  
LoadError (cannot load such file -- bcrypt_ext):
  
app/models/user.rb:25:in `new_with_session'
Started PUT "/__web_console/repl_sessions/3d852014a42704cc241dc6b2a90f7dfc" for 127.0.0.1 at 2017-06-20 17:21:31 +0800
Started PUT "/__web_console/repl_sessions/3d852014a42704cc241dc6b2a90f7dfc" for 127.0.0.1 at 2017-06-20 17:21:33 +0800
Started PUT "/__web_console/repl_sessions/3d852014a42704cc241dc6b2a90f7dfc" for 127.0.0.1 at 2017-06-20 17:21:37 +0800
Started PUT "/__web_console/repl_sessions/3d852014a42704cc241dc6b2a90f7dfc" for 127.0.0.1 at 2017-06-20 17:21:58 +0800
Started PUT "/__web_console/repl_sessions/3d852014a42704cc241dc6b2a90f7dfc" for 127.0.0.1 at 2017-06-20 17:21:58 +0800
Started GET "/users/sign_in" for 127.0.0.1 at 2017-06-20 17:26:05 +0800
Processing by Devise::SessionsController#new as HTML
  Rendering devise/sessions/new.html.erb within layouts/application
  Rendered devise/shared/_links.html.erb (1.0ms) [cache miss]
  Rendered devise/sessions/new.html.erb within layouts/application (26.2ms)
Completed 200 OK in 221ms (Views: 219.9ms | ActiveRecord: 0.0ms)


Started GET "/users/auth/facebook" for 127.0.0.1 at 2017-06-20 17:26:08 +0800
Started GET "/users/auth/facebook" for 127.0.0.1 at 2017-06-20 17:26:09 +0800
Started GET "/users/auth/facebook/callback?code=AQBYC9I2ZJXtkfKlcOgfwNXDu2mikloVtcemArHl6fNlFj_He0tJurctgTRJULqx5GUKAHkey3IqjS7oIuP3Ixs52qD_f6I2TXK_0X52D1e_c7eEjfr3A_q3XRREyI3yrcyvp9r-eW2s1739QeqjTJdjn7KSF416stSL60M52-XCcHygPfiaQ8S_YgoN71oUoJcVhpuQFyxCBv2g2WhO_GsMNcYVV9Aa-HwZSXt6XdHqfiANbGn9C8Mn-OWbRxkmdZhfAQVYkfo-F-eGhOMoXGxzC4yoQF8zabsH4OZuWQ6_4ZDnDcr3GdQvlQo20Tl5ppE&state=1c0aac2cc8128cb5baa0f76e5631a1695d3c5362b2f99713" for 127.0.0.1 at 2017-06-20 17:26:09 +0800
  
Faraday::SSLError (SSL_connect returned=1 errno=0 state=error: certificate verify failed):
  
C:/RailsInstaller/Ruby2.3.0/lib/ruby/2.3.0/net/http.rb:933:in `connect_nonblock'
C:/RailsInstaller/Ruby2.3.0/lib/ruby/2.3.0/net/http.rb:933:in `connect'
C:/RailsInstaller/Ruby2.3.0/lib/ruby/2.3.0/net/http.rb:863:in `do_start'
C:/RailsInstaller/Ruby2.3.0/lib/ruby/2.3.0/net/http.rb:852:in `start'
C:/RailsInstaller/Ruby2.3.0/lib/ruby/2.3.0/net/http.rb:1398:in `request'
faraday (0.12.1) lib/faraday/adapter/net_http.rb:80:in `perform_request'
faraday (0.12.1) lib/faraday/adapter/net_http.rb:38:in `block in call'
faraday (0.12.1) lib/faraday/adapter/net_http.rb:85:in `with_net_http_connection'
faraday (0.12.1) lib/faraday/adapter/net_http.rb:33:in `call'
faraday (0.12.1) lib/faraday/request/url_encoded.rb:15:in `call'
faraday (0.12.1) lib/faraday/rack_builder.rb:139:in `build_response'
faraday (0.12.1) lib/faraday/connection.rb:386:in `run_request'
oauth2 (1.4.0) lib/oauth2/client.rb:99:in `request'
oauth2 (1.4.0) lib/oauth2/client.rb:146:in `get_token'
oauth2 (1.4.0) lib/oauth2/strategy/auth_code.rb:30:in `get_token'
omniauth-oauth2 (1.4.0) lib/omniauth/strategies/oauth2.rb:89:in `build_access_token'
omniauth-facebook (4.0.0) lib/omniauth/strategies/facebook.rb:110:in `build_access_token'
omniauth-oauth2 (1.4.0) lib/omniauth/strategies/oauth2.rb:73:in `callback_phase'
omniauth-facebook (4.0.0) lib/omniauth/strategies/facebook.rb:67:in `block in callback_phase'
omniauth-facebook (4.0.0) lib/omniauth/strategies/facebook.rb:131:in `with_authorization_code!'
omniauth-facebook (4.0.0) lib/omniauth/strategies/facebook.rb:66:in `callback_phase'
omniauth (1.6.1) lib/omniauth/strategy.rb:230:in `callback_call'
omniauth (1.6.1) lib/omniauth/strategy.rb:187:in `call!'
omniauth (1.6.1) lib/omniauth/strategy.rb:167:in `call'
warden (1.2.7) lib/warden/manager.rb:36:in `block in call'
warden (1.2.7) lib/warden/manager.rb:35:in `catch'
warden (1.2.7) lib/warden/manager.rb:35:in `call'
rack (2.0.3) lib/rack/etag.rb:25:in `call'
rack (2.0.3) lib/rack/conditional_get.rb:25:in `call'
rack (2.0.3) lib/rack/head.rb:12:in `call'
rack (2.0.3) lib/rack/session/abstract/id.rb:232:in `context'
rack (2.0.3) lib/rack/session/abstract/id.rb:226:in `call'
actionpack (5.1.1) lib/action_dispatch/middleware/cookies.rb:613:in `call'
activerecord (5.1.1) lib/active_record/migration.rb:556:in `call'
actionpack (5.1.1) lib/action_dispatch/middleware/callbacks.rb:26:in `block in call'
activesupport (5.1.1) lib/active_support/callbacks.rb:97:in `run_callbacks'
actionpack (5.1.1) lib/action_dispatch/middleware/callbacks.rb:24:in `call'
actionpack (5.1.1) lib/action_dispatch/middleware/executor.rb:12:in `call'
actionpack (5.1.1) lib/action_dispatch/middleware/debug_exceptions.rb:59:in `call'
web-console (3.5.1) lib/web_console/middleware.rb:135:in `call_app'
web-console (3.5.1) lib/web_console/middleware.rb:28:in `block in call'
web-console (3.5.1) lib/web_console/middleware.rb:18:in `catch'
web-console (3.5.1) lib/web_console/middleware.rb:18:in `call'
actionpack (5.1.1) lib/action_dispatch/middleware/show_exceptions.rb:31:in `call'
railties (5.1.1) lib/rails/rack/logger.rb:36:in `call_app'
railties (5.1.1) lib/rails/rack/logger.rb:24:in `block in call'
activesupport (5.1.1) lib/active_support/tagged_logging.rb:69:in `block in tagged'
activesupport (5.1.1) lib/active_support/tagged_logging.rb:26:in `tagged'
activesupport (5.1.1) lib/active_support/tagged_logging.rb:69:in `tagged'
railties (5.1.1) lib/rails/rack/logger.rb:24:in `call'
sprockets-rails (3.2.0) lib/sprockets/rails/quiet_assets.rb:13:in `call'
actionpack (5.1.1) lib/action_dispatch/middleware/remote_ip.rb:79:in `call'
actionpack (5.1.1) lib/action_dispatch/middleware/request_id.rb:25:in `call'
rack (2.0.3) lib/rack/method_override.rb:22:in `call'
rack (2.0.3) lib/rack/runtime.rb:22:in `call'
activesupport (5.1.1) lib/active_support/cache/strategy/local_cache_middleware.rb:27:in `call'
actionpack (5.1.1) lib/action_dispatch/middleware/executor.rb:12:in `call'
actionpack (5.1.1) lib/action_dispatch/middleware/static.rb:125:in `call'
rack (2.0.3) lib/rack/sendfile.rb:111:in `call'
railties (5.1.1) lib/rails/engine.rb:522:in `call'
puma (3.9.1) lib/puma/configuration.rb:224:in `call'
puma (3.9.1) lib/puma/server.rb:602:in `handle_request'
puma (3.9.1) lib/puma/server.rb:435:in `process_client'
puma (3.9.1) lib/puma/server.rb:299:in `block in run'
puma (3.9.1) lib/puma/thread_pool.rb:120:in `block in spawn_thread'
Started GET "/users/password/new" for 127.0.0.1 at 2017-06-20 17:26:18 +0800
Processing by Devise::PasswordsController#new as HTML
  Rendering devise/passwords/new.html.erb within layouts/application
  Rendered devise/shared/_links.html.erb (1.0ms) [cache miss]
  Rendered devise/passwords/new.html.erb within layouts/application (25.9ms)
Completed 200 OK in 368ms (Views: 336.1ms | ActiveRecord: 0.0ms)


Started GET "/users/sign_up" for 127.0.0.1 at 2017-06-20 17:26:21 +0800
Processing by Devise::RegistrationsController#new as HTML
  Rendering devise/registrations/new.html.erb within layouts/application
  Rendered devise/shared/_links.html.erb (1.0ms) [cache miss]
  Rendered devise/registrations/new.html.erb within layouts/application (97.5ms)
Completed 200 OK in 318ms (Views: 317.4ms | ActiveRecord: 0.0ms)


Started POST "/users" for 127.0.0.1 at 2017-06-20 17:26:35 +0800
Processing by Devise::RegistrationsController#create as HTML
  Parameters: {"utf8"=>"✓", "authenticity_token"=>"IQ5vb3XuV+G3bOQAo5oBGZe1M60fxfZeiRw7452XwmzYxvcTB08bAuj66sH0OcAVOfG3Y6h8DGZPVdMVBSrORg==", "user"=>{"email"=>"starhubber81@gmail.com", "first_name"=>"Gerald Nah", "last_name"=>"Haw Yuan", "tel"=>"92220847", "address"=>"Blk 894A Tampines St 81 #03-900", "password"=>"[FILTERED]", "password_confirmation"=>"[FILTERED]"}, "commit"=>"Sign up"}
Unpermitted parameters: :first_name, :last_name, :tel, :address
Completed 500 Internal Server Error in 15ms (ActiveRecord: 0.0ms)


  
LoadError (cannot load such file -- bcrypt_ext):
  
app/models/user.rb:25:in `new_with_session'
Started POST "/users" for 127.0.0.1 at 2017-06-20 17:27:31 +0800
Processing by Devise::RegistrationsController#create as HTML
  Parameters: {"utf8"=>"✓", "authenticity_token"=>"jGdY9KcobSG5ZWSeb/MVqpVYrlQRgu4XEL0+ahpF1ltQiaz+9HU6wkn5Gdjft/y/uPotJBjKbomupYqjrVVYGA==", "user"=>{"email"=>"starhubber81@gmail.com", "first_name"=>"Gerald Nah", "last_name"=>"Haw Yuan", "tel"=>"92220847", "address"=>"Blk 894A Tampines St 81 #03-900", "password"=>"[FILTERED]", "password_confirmation"=>"[FILTERED]"}, "commit"=>"Sign up"}
Unpermitted parameters: :first_name, :last_name, :tel, :address
Completed 500 Internal Server Error in 8ms (ActiveRecord: 0.0ms)


  
LoadError (cannot load such file -- bcrypt):
  
app/models/user.rb:25:in `new_with_session'
Started GET "/" for 127.0.0.1 at 2017-06-20 17:28:08 +0800
  [1m[35m (1.0ms)[0m  [1m[34mSELECT "schema_migrations"."version" FROM "schema_migrations" ORDER BY "schema_migrations"."version" ASC[0m
Processing by Rails::WelcomeController#index as HTML
  Rendering C:/RailsInstaller/Ruby2.3.0/lib/ruby/gems/2.3.0/gems/railties-5.1.1/lib/rails/templates/rails/welcome/index.html.erb
  Rendered C:/RailsInstaller/Ruby2.3.0/lib/ruby/gems/2.3.0/gems/railties-5.1.1/lib/rails/templates/rails/welcome/index.html.erb (4.5ms)
Completed 200 OK in 104ms (Views: 47.3ms | ActiveRecord: 0.0ms)


Started GET "/users/sign_up" for 127.0.0.1 at 2017-06-20 17:28:20 +0800
Processing by Devise::RegistrationsController#new as HTML
  Rendering devise/registrations/new.html.erb within layouts/application
  Rendered devise/shared/_links.html.erb (1.0ms) [cache miss]
  Rendered devise/registrations/new.html.erb within layouts/application (51.7ms)
Completed 200 OK in 481ms (Views: 457.8ms | ActiveRecord: 4.5ms)


Started POST "/users" for 127.0.0.1 at 2017-06-20 17:28:29 +0800
Processing by Devise::RegistrationsController#create as HTML
  Parameters: {"utf8"=>"✓", "authenticity_token"=>"C44AOkLIpOdaNCxHMQJEVdwKgpE31aEN4r5ybrHZ7hTXYPQwEZXzBKqoUQGBRq1A8agB4T6dIZNcpsanBslgVw==", "user"=>{"email"=>"starhubber81@gmail.com", "first_name"=>"Gerald Nah", "last_name"=>"Haw Yuan", "tel"=>"92220847", "address"=>"Blk 894A Tampines St 81 #03-900", "password"=>"[FILTERED]", "password_confirmation"=>"[FILTERED]"}, "commit"=>"Sign up"}
Unpermitted parameters: :first_name, :last_name, :tel, :address
  [1m[35m (0.5ms)[0m  [1m[35mBEGIN[0m
  [1m[36mUser Exists (1.0ms)[0m  [1m[34mSELECT  1 AS one FROM "users" WHERE "users"."email" = $1 LIMIT $2[0m  [["email", "starhubber81@gmail.com"], ["LIMIT", 1]]
  [1m[35mSQL (1.5ms)[0m  [1m[32mINSERT INTO "users" ("email", "encrypted_password", "created_at", "updated_at") VALUES ($1, $2, $3, $4) RETURNING "id"[0m  [["email", "starhubber81@gmail.com"], ["encrypted_password", "$2a$11$4QtfKwIKUA7wvjhQc8FBDOwRhVMjVxqSCzd1ZP3UtXcq7F5HNi48S"], ["created_at", "2017-06-20 09:28:29.415269"], ["updated_at", "2017-06-20 09:28:29.415269"]]
  [1m[35m (8.8ms)[0m  [1m[35mCOMMIT[0m
  [1m[35m (0.5ms)[0m  [1m[35mBEGIN[0m
  [1m[35mSQL (1.0ms)[0m  [1m[33mUPDATE "users" SET "sign_in_count" = $1, "current_sign_in_at" = $2, "last_sign_in_at" = $3, "current_sign_in_ip" = $4, "last_sign_in_ip" = $5, "updated_at" = $6 WHERE "users"."id" = $7[0m  [["sign_in_count", 1], ["current_sign_in_at", "2017-06-20 09:28:29.430319"], ["last_sign_in_at", "2017-06-20 09:28:29.430319"], ["current_sign_in_ip", "127.0.0.1/32"], ["last_sign_in_ip", "127.0.0.1/32"], ["updated_at", "2017-06-20 09:28:29.431321"], ["id", 1]]
  [1m[35m (2.2ms)[0m  [1m[35mCOMMIT[0m
Redirected to http://localhost:3000/
Completed 302 Found in 385ms (ActiveRecord: 15.5ms)


Started GET "/" for 127.0.0.1 at 2017-06-20 17:28:29 +0800
Processing by Rails::WelcomeController#index as HTML
  Rendering C:/RailsInstaller/Ruby2.3.0/lib/ruby/gems/2.3.0/gems/railties-5.1.1/lib/rails/templates/rails/welcome/index.html.erb
  Rendered C:/RailsInstaller/Ruby2.3.0/lib/ruby/gems/2.3.0/gems/railties-5.1.1/lib/rails/templates/rails/welcome/index.html.erb (2.5ms)
Completed 200 OK in 79ms (Views: 41.3ms | ActiveRecord: 0.0ms)


Started GET "/users/sign_in" for 127.0.0.1 at 2017-06-20 17:28:33 +0800
Processing by Devise::SessionsController#new as HTML
  [1m[36mUser Load (0.5ms)[0m  [1m[34mSELECT  "users".* FROM "users" WHERE "users"."id" = $1 ORDER BY "users"."id" ASC LIMIT $2[0m  [["id", 1], ["LIMIT", 1]]
Redirected to http://localhost:3000/
Filter chain halted as :require_no_authentication rendered or redirected
Completed 302 Found in 7ms (ActiveRecord: 0.5ms)


Started GET "/" for 127.0.0.1 at 2017-06-20 17:28:33 +0800
Processing by Rails::WelcomeController#index as HTML
  Rendering C:/RailsInstaller/Ruby2.3.0/lib/ruby/gems/2.3.0/gems/railties-5.1.1/lib/rails/templates/rails/welcome/index.html.erb
  Rendered C:/RailsInstaller/Ruby2.3.0/lib/ruby/gems/2.3.0/gems/railties-5.1.1/lib/rails/templates/rails/welcome/index.html.erb (2.5ms)
Completed 200 OK in 73ms (Views: 38.1ms | ActiveRecord: 0.0ms)


Started GET "/" for 127.0.0.1 at 2017-06-20 17:28:34 +0800
Processing by Rails::WelcomeController#index as HTML
  Rendering C:/RailsInstaller/Ruby2.3.0/lib/ruby/gems/2.3.0/gems/railties-5.1.1/lib/rails/templates/rails/welcome/index.html.erb
  Rendered C:/RailsInstaller/Ruby2.3.0/lib/ruby/gems/2.3.0/gems/railties-5.1.1/lib/rails/templates/rails/welcome/index.html.erb (2.5ms)
Completed 200 OK in 77ms (Views: 39.6ms | ActiveRecord: 0.0ms)


Started GET "/users/sign_in" for 127.0.0.1 at 2017-06-20 17:28:53 +0800
Processing by Devise::SessionsController#new as HTML
  Rendering devise/sessions/new.html.erb within layouts/application
  Rendered devise/shared/_links.html.erb (1.0ms) [cache miss]
  Rendered devise/sessions/new.html.erb within layouts/application (33.1ms)
Completed 200 OK in 259ms (Views: 256.7ms | ActiveRecord: 0.0ms)


Started GET "/users/auth/facebook" for 127.0.0.1 at 2017-06-20 17:28:55 +0800
Started GET "/users/auth/facebook" for 127.0.0.1 at 2017-06-20 17:28:55 +0800
Started GET "/users/auth/facebook/callback?code=AQB_x6dVTS4I_LYM-FByA2UGtyZtgOk16FlQLmduIleeiUPRvlKA7kQPw6jNsxCGewXKMX529fKppc2R9o0KZ5ahig9YKVYeztvYEMa3Gkb87fG1EruDXDrdLRxRCJNLyDLFAxohqJRz2AHuYJjAN_WTZyVdVtGM1YE4pQ-NyHewzF_-CQgV5oGZToqdnacSS8qBKcsa2f0eUcQTj_O4V58ZwkvManaKkXt_VDVfuNxGemcOLsNditZHDtRgyJRNQjr8CEe8kc_O0RsxbLeoI8wspIaZZPRsejS2jbMSMjVs7A-Iplcy-tb5j5I2T53HV1U&state=a3e9d199ac30e6a3fc1024df1f8cf1f7946f8c8fc0b9d566" for 127.0.0.1 at 2017-06-20 17:29:08 +0800
  
Faraday::SSLError (SSL_connect returned=1 errno=0 state=error: certificate verify failed):
  
C:/RailsInstaller/Ruby2.3.0/lib/ruby/2.3.0/net/http.rb:933:in `connect_nonblock'
C:/RailsInstaller/Ruby2.3.0/lib/ruby/2.3.0/net/http.rb:933:in `connect'
C:/RailsInstaller/Ruby2.3.0/lib/ruby/2.3.0/net/http.rb:863:in `do_start'
C:/RailsInstaller/Ruby2.3.0/lib/ruby/2.3.0/net/http.rb:852:in `start'
C:/RailsInstaller/Ruby2.3.0/lib/ruby/2.3.0/net/http.rb:1398:in `request'
faraday (0.12.1) lib/faraday/adapter/net_http.rb:80:in `perform_request'
faraday (0.12.1) lib/faraday/adapter/net_http.rb:38:in `block in call'
faraday (0.12.1) lib/faraday/adapter/net_http.rb:85:in `with_net_http_connection'
faraday (0.12.1) lib/faraday/adapter/net_http.rb:33:in `call'
faraday (0.12.1) lib/faraday/request/url_encoded.rb:15:in `call'
faraday (0.12.1) lib/faraday/rack_builder.rb:139:in `build_response'
faraday (0.12.1) lib/faraday/connection.rb:386:in `run_request'
oauth2 (1.4.0) lib/oauth2/client.rb:99:in `request'
oauth2 (1.4.0) lib/oauth2/client.rb:146:in `get_token'
oauth2 (1.4.0) lib/oauth2/strategy/auth_code.rb:30:in `get_token'
omniauth-oauth2 (1.4.0) lib/omniauth/strategies/oauth2.rb:89:in `build_access_token'
omniauth-facebook (4.0.0) lib/omniauth/strategies/facebook.rb:110:in `build_access_token'
omniauth-oauth2 (1.4.0) lib/omniauth/strategies/oauth2.rb:73:in `callback_phase'
omniauth-facebook (4.0.0) lib/omniauth/strategies/facebook.rb:67:in `block in callback_phase'
omniauth-facebook (4.0.0) lib/omniauth/strategies/facebook.rb:131:in `with_authorization_code!'
omniauth-facebook (4.0.0) lib/omniauth/strategies/facebook.rb:66:in `callback_phase'
omniauth (1.6.1) lib/omniauth/strategy.rb:230:in `callback_call'
omniauth (1.6.1) lib/omniauth/strategy.rb:187:in `call!'
omniauth (1.6.1) lib/omniauth/strategy.rb:167:in `call'
warden (1.2.7) lib/warden/manager.rb:36:in `block in call'
warden (1.2.7) lib/warden/manager.rb:35:in `catch'
warden (1.2.7) lib/warden/manager.rb:35:in `call'
rack (2.0.3) lib/rack/etag.rb:25:in `call'
rack (2.0.3) lib/rack/conditional_get.rb:25:in `call'
rack (2.0.3) lib/rack/head.rb:12:in `call'
rack (2.0.3) lib/rack/session/abstract/id.rb:232:in `context'
rack (2.0.3) lib/rack/session/abstract/id.rb:226:in `call'
actionpack (5.1.1) lib/action_dispatch/middleware/cookies.rb:613:in `call'
activerecord (5.1.1) lib/active_record/migration.rb:556:in `call'
actionpack (5.1.1) lib/action_dispatch/middleware/callbacks.rb:26:in `block in call'
activesupport (5.1.1) lib/active_support/callbacks.rb:97:in `run_callbacks'
actionpack (5.1.1) lib/action_dispatch/middleware/callbacks.rb:24:in `call'
actionpack (5.1.1) lib/action_dispatch/middleware/executor.rb:12:in `call'
actionpack (5.1.1) lib/action_dispatch/middleware/debug_exceptions.rb:59:in `call'
web-console (3.5.1) lib/web_console/middleware.rb:135:in `call_app'
web-console (3.5.1) lib/web_console/middleware.rb:28:in `block in call'
web-console (3.5.1) lib/web_console/middleware.rb:18:in `catch'
web-console (3.5.1) lib/web_console/middleware.rb:18:in `call'
actionpack (5.1.1) lib/action_dispatch/middleware/show_exceptions.rb:31:in `call'
railties (5.1.1) lib/rails/rack/logger.rb:36:in `call_app'
railties (5.1.1) lib/rails/rack/logger.rb:24:in `block in call'
activesupport (5.1.1) lib/active_support/tagged_logging.rb:69:in `block in tagged'
activesupport (5.1.1) lib/active_support/tagged_logging.rb:26:in `tagged'
activesupport (5.1.1) lib/active_support/tagged_logging.rb:69:in `tagged'
railties (5.1.1) lib/rails/rack/logger.rb:24:in `call'
sprockets-rails (3.2.0) lib/sprockets/rails/quiet_assets.rb:13:in `call'
actionpack (5.1.1) lib/action_dispatch/middleware/remote_ip.rb:79:in `call'
actionpack (5.1.1) lib/action_dispatch/middleware/request_id.rb:25:in `call'
rack (2.0.3) lib/rack/method_override.rb:22:in `call'
rack (2.0.3) lib/rack/runtime.rb:22:in `call'
activesupport (5.1.1) lib/active_support/cache/strategy/local_cache_middleware.rb:27:in `call'
actionpack (5.1.1) lib/action_dispatch/middleware/executor.rb:12:in `call'
actionpack (5.1.1) lib/action_dispatch/middleware/static.rb:125:in `call'
rack (2.0.3) lib/rack/sendfile.rb:111:in `call'
railties (5.1.1) lib/rails/engine.rb:522:in `call'
puma (3.9.1) lib/puma/configuration.rb:224:in `call'
puma (3.9.1) lib/puma/server.rb:602:in `handle_request'
puma (3.9.1) lib/puma/server.rb:435:in `process_client'
puma (3.9.1) lib/puma/server.rb:299:in `block in run'
puma (3.9.1) lib/puma/thread_pool.rb:120:in `block in spawn_thread'
Started GET "/users/sign_up" for 127.0.0.1 at 2017-06-20 17:30:44 +0800
Processing by Devise::RegistrationsController#new as HTML
  [1m[36mUser Load (1.0ms)[0m  [1m[34mSELECT  "users".* FROM "users" WHERE "users"."id" = $1 ORDER BY "users"."id" ASC LIMIT $2[0m  [["id", 1], ["LIMIT", 1]]
Redirected to http://localhost:3000/
Filter chain halted as :require_no_authentication rendered or redirected
Completed 302 Found in 10ms (ActiveRecord: 1.0ms)


Started GET "/users/sign_in" for 127.0.0.1 at 2017-06-20 17:31:10 +0800
  [1m[35m (0.5ms)[0m  [1m[34mSELECT "schema_migrations"."version" FROM "schema_migrations" ORDER BY "schema_migrations"."version" ASC[0m
Processing by Devise::SessionsController#new as HTML
  [1m[36mUser Load (1.5ms)[0m  [1m[34mSELECT  "users".* FROM "users" WHERE "users"."id" = $1 ORDER BY "users"."id" ASC LIMIT $2[0m  [["id", 1], ["LIMIT", 1]]
Redirected to http://localhost:3000/
Filter chain halted as :require_no_authentication rendered or redirected
Completed 302 Found in 207ms (ActiveRecord: 5.0ms)


Started GET "/" for 127.0.0.1 at 2017-06-20 17:31:18 +0800
Processing by Rails::WelcomeController#index as HTML
  Rendering C:/RailsInstaller/Ruby2.3.0/lib/ruby/gems/2.3.0/gems/railties-5.1.1/lib/rails/templates/rails/welcome/index.html.erb
  Rendered C:/RailsInstaller/Ruby2.3.0/lib/ruby/gems/2.3.0/gems/railties-5.1.1/lib/rails/templates/rails/welcome/index.html.erb (4.0ms)
Completed 200 OK in 82ms (Views: 45.2ms | ActiveRecord: 0.0ms)


Started GET "/users/sign_in" for 127.0.0.1 at 2017-06-20 17:31:33 +0800
Processing by Devise::SessionsController#new as HTML
  Rendering devise/sessions/new.html.erb within layouts/application
  Rendered devise/shared/_links.html.erb (1.0ms) [cache miss]
  Rendered devise/sessions/new.html.erb within layouts/application (44.7ms)
Completed 200 OK in 500ms (Views: 478.9ms | ActiveRecord: 0.0ms)


Started GET "/users/auth/facebook" for 127.0.0.1 at 2017-06-20 17:31:37 +0800
Started GET "/users/auth/facebook" for 127.0.0.1 at 2017-06-20 17:31:38 +0800
Started GET "/users/auth/facebook/callback?code=AQBOkp_D36fwgqdUFzsKd0nWftyoURry4PEywviWN3lFtmt32jF2EgBDpwbgD3mlQJ3-bXxgFJCJcbV089taOSliL4F0tfne6Xu6B_7kJXprIyaEtEGYS59hVXkflaezIH0N4IIengzMoILFMotqejxh1MVzc3_wteBi7tIPVGDEVFbCglID4zvDRQB3VWNZY3OdrUvqqzW9QJyD4g_jzhjeA88uA8AhkeIXsEXpwoD-fGDm9BMgr3e3TPljsLKqTUccdgUqRMq_ITGyYEqqDtUFTvE8H6hFGCRLaStGg5fEy_I6N4okaSA-O4NBfHW_1k8&state=b18917dddd1975e7ef5c9a6ef5012c4507dd323f8bea5cef" for 127.0.0.1 at 2017-06-20 17:31:38 +0800
  
Faraday::SSLError (SSL_connect returned=1 errno=0 state=error: certificate verify failed):
  
C:/RailsInstaller/Ruby2.3.0/lib/ruby/2.3.0/net/http.rb:933:in `connect_nonblock'
C:/RailsInstaller/Ruby2.3.0/lib/ruby/2.3.0/net/http.rb:933:in `connect'
C:/RailsInstaller/Ruby2.3.0/lib/ruby/2.3.0/net/http.rb:863:in `do_start'
C:/RailsInstaller/Ruby2.3.0/lib/ruby/2.3.0/net/http.rb:852:in `start'
C:/RailsInstaller/Ruby2.3.0/lib/ruby/2.3.0/net/http.rb:1398:in `request'
faraday (0.12.1) lib/faraday/adapter/net_http.rb:80:in `perform_request'
faraday (0.12.1) lib/faraday/adapter/net_http.rb:38:in `block in call'
faraday (0.12.1) lib/faraday/adapter/net_http.rb:85:in `with_net_http_connection'
faraday (0.12.1) lib/faraday/adapter/net_http.rb:33:in `call'
faraday (0.12.1) lib/faraday/request/url_encoded.rb:15:in `call'
faraday (0.12.1) lib/faraday/rack_builder.rb:139:in `build_response'
faraday (0.12.1) lib/faraday/connection.rb:386:in `run_request'
oauth2 (1.4.0) lib/oauth2/client.rb:99:in `request'
oauth2 (1.4.0) lib/oauth2/client.rb:146:in `get_token'
oauth2 (1.4.0) lib/oauth2/strategy/auth_code.rb:30:in `get_token'
omniauth-oauth2 (1.4.0) lib/omniauth/strategies/oauth2.rb:89:in `build_access_token'
omniauth-facebook (4.0.0) lib/omniauth/strategies/facebook.rb:110:in `build_access_token'
omniauth-oauth2 (1.4.0) lib/omniauth/strategies/oauth2.rb:73:in `callback_phase'
omniauth-facebook (4.0.0) lib/omniauth/strategies/facebook.rb:67:in `block in callback_phase'
omniauth-facebook (4.0.0) lib/omniauth/strategies/facebook.rb:131:in `with_authorization_code!'
omniauth-facebook (4.0.0) lib/omniauth/strategies/facebook.rb:66:in `callback_phase'
omniauth (1.6.1) lib/omniauth/strategy.rb:230:in `callback_call'
omniauth (1.6.1) lib/omniauth/strategy.rb:187:in `call!'
omniauth (1.6.1) lib/omniauth/strategy.rb:167:in `call'
warden (1.2.7) lib/warden/manager.rb:36:in `block in call'
warden (1.2.7) lib/warden/manager.rb:35:in `catch'
warden (1.2.7) lib/warden/manager.rb:35:in `call'
rack (2.0.3) lib/rack/etag.rb:25:in `call'
rack (2.0.3) lib/rack/conditional_get.rb:25:in `call'
rack (2.0.3) lib/rack/head.rb:12:in `call'
rack (2.0.3) lib/rack/session/abstract/id.rb:232:in `context'
rack (2.0.3) lib/rack/session/abstract/id.rb:226:in `call'
actionpack (5.1.1) lib/action_dispatch/middleware/cookies.rb:613:in `call'
activerecord (5.1.1) lib/active_record/migration.rb:556:in `call'
actionpack (5.1.1) lib/action_dispatch/middleware/callbacks.rb:26:in `block in call'
activesupport (5.1.1) lib/active_support/callbacks.rb:97:in `run_callbacks'
actionpack (5.1.1) lib/action_dispatch/middleware/callbacks.rb:24:in `call'
actionpack (5.1.1) lib/action_dispatch/middleware/executor.rb:12:in `call'
actionpack (5.1.1) lib/action_dispatch/middleware/debug_exceptions.rb:59:in `call'
web-console (3.5.1) lib/web_console/middleware.rb:135:in `call_app'
web-console (3.5.1) lib/web_console/middleware.rb:28:in `block in call'
web-console (3.5.1) lib/web_console/middleware.rb:18:in `catch'
web-console (3.5.1) lib/web_console/middleware.rb:18:in `call'
actionpack (5.1.1) lib/action_dispatch/middleware/show_exceptions.rb:31:in `call'
railties (5.1.1) lib/rails/rack/logger.rb:36:in `call_app'
railties (5.1.1) lib/rails/rack/logger.rb:24:in `block in call'
activesupport (5.1.1) lib/active_support/tagged_logging.rb:69:in `block in tagged'
activesupport (5.1.1) lib/active_support/tagged_logging.rb:26:in `tagged'
activesupport (5.1.1) lib/active_support/tagged_logging.rb:69:in `tagged'
railties (5.1.1) lib/rails/rack/logger.rb:24:in `call'
sprockets-rails (3.2.0) lib/sprockets/rails/quiet_assets.rb:13:in `call'
actionpack (5.1.1) lib/action_dispatch/middleware/remote_ip.rb:79:in `call'
actionpack (5.1.1) lib/action_dispatch/middleware/request_id.rb:25:in `call'
rack (2.0.3) lib/rack/method_override.rb:22:in `call'
rack (2.0.3) lib/rack/runtime.rb:22:in `call'
activesupport (5.1.1) lib/active_support/cache/strategy/local_cache_middleware.rb:27:in `call'
actionpack (5.1.1) lib/action_dispatch/middleware/executor.rb:12:in `call'
actionpack (5.1.1) lib/action_dispatch/middleware/static.rb:125:in `call'
rack (2.0.3) lib/rack/sendfile.rb:111:in `call'
railties (5.1.1) lib/rails/engine.rb:522:in `call'
puma (3.9.1) lib/puma/configuration.rb:224:in `call'
puma (3.9.1) lib/puma/server.rb:602:in `handle_request'
puma (3.9.1) lib/puma/server.rb:435:in `process_client'
puma (3.9.1) lib/puma/server.rb:299:in `block in run'
puma (3.9.1) lib/puma/thread_pool.rb:120:in `block in spawn_thread'
Started GET "/users/sign_up" for 127.0.0.1 at 2017-06-20 17:31:52 +0800
Processing by Devise::RegistrationsController#new as HTML
  Rendering devise/registrations/new.html.erb within layouts/application
  Rendered devise/shared/_links.html.erb (1.0ms) [cache miss]
  Rendered devise/registrations/new.html.erb within layouts/application (28.5ms)
Completed 200 OK in 215ms (Views: 212.8ms | ActiveRecord: 0.0ms)


Started GET "/users/auth/facebook" for 127.0.0.1 at 2017-06-20 17:32:18 +0800
Started GET "/users/auth/facebook" for 127.0.0.1 at 2017-06-20 17:32:18 +0800
Started GET "/users/auth/facebook/callback?code=AQDIG-TOdp2zhIKeh3RJYzAQFLnd9jTJf1Z1fC2r-Sk-3C5C38gsM8T3WLF1JiXzMlVfS3277pTuUUyE9fts03XFgAXMffuNPeUIadmrfqBXV-2A_sEN3fUyUnM38OhFDfnOYlRLRoUcywEH0YqTINArecraE6RpVE9Qtc6x5Osso7_YAg-7tCxpPa1_A5hbKKxfHYtuXh1l7Kz5K7dBCjqu_vcBPd8LxHCM_drr79UbSeqNYr0ft_IcSzFCYtcCo1-0KAyjeucX8sgQl06nQo_XZKSBIsmOcinm4aolCxLPFCfLZAk7nCpmJetodQLATkA&state=37f9c451ab9e4383d1da9af7dafd11d23d5e91464666d503" for 127.0.0.1 at 2017-06-20 17:32:19 +0800
  
Faraday::SSLError (SSL_connect returned=1 errno=0 state=error: certificate verify failed):
  
C:/RailsInstaller/Ruby2.3.0/lib/ruby/2.3.0/net/http.rb:933:in `connect_nonblock'
C:/RailsInstaller/Ruby2.3.0/lib/ruby/2.3.0/net/http.rb:933:in `connect'
C:/RailsInstaller/Ruby2.3.0/lib/ruby/2.3.0/net/http.rb:863:in `do_start'
C:/RailsInstaller/Ruby2.3.0/lib/ruby/2.3.0/net/http.rb:852:in `start'
C:/RailsInstaller/Ruby2.3.0/lib/ruby/2.3.0/net/http.rb:1398:in `request'
faraday (0.12.1) lib/faraday/adapter/net_http.rb:80:in `perform_request'
faraday (0.12.1) lib/faraday/adapter/net_http.rb:38:in `block in call'
faraday (0.12.1) lib/faraday/adapter/net_http.rb:85:in `with_net_http_connection'
faraday (0.12.1) lib/faraday/adapter/net_http.rb:33:in `call'
faraday (0.12.1) lib/faraday/request/url_encoded.rb:15:in `call'
faraday (0.12.1) lib/faraday/rack_builder.rb:139:in `build_response'
faraday (0.12.1) lib/faraday/connection.rb:386:in `run_request'
oauth2 (1.4.0) lib/oauth2/client.rb:99:in `request'
oauth2 (1.4.0) lib/oauth2/client.rb:146:in `get_token'
oauth2 (1.4.0) lib/oauth2/strategy/auth_code.rb:30:in `get_token'
omniauth-oauth2 (1.4.0) lib/omniauth/strategies/oauth2.rb:89:in `build_access_token'
omniauth-facebook (4.0.0) lib/omniauth/strategies/facebook.rb:110:in `build_access_token'
omniauth-oauth2 (1.4.0) lib/omniauth/strategies/oauth2.rb:73:in `callback_phase'
omniauth-facebook (4.0.0) lib/omniauth/strategies/facebook.rb:67:in `block in callback_phase'
omniauth-facebook (4.0.0) lib/omniauth/strategies/facebook.rb:131:in `with_authorization_code!'
omniauth-facebook (4.0.0) lib/omniauth/strategies/facebook.rb:66:in `callback_phase'
omniauth (1.6.1) lib/omniauth/strategy.rb:230:in `callback_call'
omniauth (1.6.1) lib/omniauth/strategy.rb:187:in `call!'
omniauth (1.6.1) lib/omniauth/strategy.rb:167:in `call'
warden (1.2.7) lib/warden/manager.rb:36:in `block in call'
warden (1.2.7) lib/warden/manager.rb:35:in `catch'
warden (1.2.7) lib/warden/manager.rb:35:in `call'
rack (2.0.3) lib/rack/etag.rb:25:in `call'
rack (2.0.3) lib/rack/conditional_get.rb:25:in `call'
rack (2.0.3) lib/rack/head.rb:12:in `call'
rack (2.0.3) lib/rack/session/abstract/id.rb:232:in `context'
rack (2.0.3) lib/rack/session/abstract/id.rb:226:in `call'
actionpack (5.1.1) lib/action_dispatch/middleware/cookies.rb:613:in `call'
activerecord (5.1.1) lib/active_record/migration.rb:556:in `call'
actionpack (5.1.1) lib/action_dispatch/middleware/callbacks.rb:26:in `block in call'
activesupport (5.1.1) lib/active_support/callbacks.rb:97:in `run_callbacks'
actionpack (5.1.1) lib/action_dispatch/middleware/callbacks.rb:24:in `call'
actionpack (5.1.1) lib/action_dispatch/middleware/executor.rb:12:in `call'
actionpack (5.1.1) lib/action_dispatch/middleware/debug_exceptions.rb:59:in `call'
web-console (3.5.1) lib/web_console/middleware.rb:135:in `call_app'
web-console (3.5.1) lib/web_console/middleware.rb:28:in `block in call'
web-console (3.5.1) lib/web_console/middleware.rb:18:in `catch'
web-console (3.5.1) lib/web_console/middleware.rb:18:in `call'
actionpack (5.1.1) lib/action_dispatch/middleware/show_exceptions.rb:31:in `call'
railties (5.1.1) lib/rails/rack/logger.rb:36:in `call_app'
railties (5.1.1) lib/rails/rack/logger.rb:24:in `block in call'
activesupport (5.1.1) lib/active_support/tagged_logging.rb:69:in `block in tagged'
activesupport (5.1.1) lib/active_support/tagged_logging.rb:26:in `tagged'
activesupport (5.1.1) lib/active_support/tagged_logging.rb:69:in `tagged'
railties (5.1.1) lib/rails/rack/logger.rb:24:in `call'
sprockets-rails (3.2.0) lib/sprockets/rails/quiet_assets.rb:13:in `call'
actionpack (5.1.1) lib/action_dispatch/middleware/remote_ip.rb:79:in `call'
actionpack (5.1.1) lib/action_dispatch/middleware/request_id.rb:25:in `call'
rack (2.0.3) lib/rack/method_override.rb:22:in `call'
rack (2.0.3) lib/rack/runtime.rb:22:in `call'
activesupport (5.1.1) lib/active_support/cache/strategy/local_cache_middleware.rb:27:in `call'
actionpack (5.1.1) lib/action_dispatch/middleware/executor.rb:12:in `call'
actionpack (5.1.1) lib/action_dispatch/middleware/static.rb:125:in `call'
rack (2.0.3) lib/rack/sendfile.rb:111:in `call'
railties (5.1.1) lib/rails/engine.rb:522:in `call'
puma (3.9.1) lib/puma/configuration.rb:224:in `call'
puma (3.9.1) lib/puma/server.rb:602:in `handle_request'
puma (3.9.1) lib/puma/server.rb:435:in `process_client'
puma (3.9.1) lib/puma/server.rb:299:in `block in run'
puma (3.9.1) lib/puma/thread_pool.rb:120:in `block in spawn_thread'
